# Log file of Pencil Code commands.
# This compiles with the same parameters as last time in this directory:
# pc_build -p

# 2026-07-01 11:10:31
/home/touko/pencil-code/bin/pc_build FFLAGS+=-O3
# make '-j' 'FFLAGS_DOUBLE=-fdefault-real-8 -fdefault-double-8' 'CFLAGS_DOUBLE=-DDOUBLE_PRECISION' 'LD_MPI=' 'CFLAGS_FFTW3=' 'FFLAGS_FFTW3=' 'LD_FFTW3=' 'CFLAGS_FFTW2=' 'FFLAGS_FFTW2=' 'LD_FFTW2=' 'FC=mpif90' 'F77=mpif77' 'FFLAGS=-O' 'LDFLAGS_HELPER=-dynamic' 'FFLAG_HEAP_ALLOC=-fmax-stack-var-size=512000 -fno-stack-arrays' 'OMPFFLAGS=-fopenmp' 'OMPLFLAGS=-lgomp' 'PPFLAGS=-cpp' 'FSTD_95=-std=f95' 'FSTD_2003=-std=f2003' 'FSTD_2008=-std=f2008' 'FSTD_2018=-std=f2018' 'MODULE_PREFIX=__' 'MODULE_INFIX=_MOD_' 'MODULE_SUFFIX=' 'CC=mpicc' 'CSTD=-std=c99' 'CFLAGS=-DFUNDERSC=1' 'FFLAGS+=-O3' 'default_to_be'

# 2026-07-01 11:13:28
mpiexec -n 8 ./src/start.x

# 2026-07-01 11:13:32
mpiexec --oversubscribe -n 8 ./src/start.x

# 2026-07-01 11:13:36
mpiexec --oversubscribe -n 8 ./src/run.x

# 2026-07-01 21:58:14
# copied from '/home/touko/pencil-code/samples/vacuum-bubbles'

# 2026-07-01 22:04:43
/home/touko/pencil-code/bin/pc_build FFLAGS+=-O0
# make '-j' 'FFLAGS_DOUBLE=-fdefault-real-8 -fdefault-double-8' 'CFLAGS_DOUBLE=-DDOUBLE_PRECISION' 'LD_MPI=' 'CFLAGS_FFTW3=' 'FFLAGS_FFTW3=' 'LD_FFTW3=' 'CFLAGS_FFTW2=' 'FFLAGS_FFTW2=' 'LD_FFTW2=' 'FC=mpif90' 'F77=mpif77' 'FFLAGS=-O' 'LDFLAGS_HELPER=-dynamic' 'FFLAG_HEAP_ALLOC=-fmax-stack-var-size=512000 -fno-stack-arrays' 'OMPFFLAGS=-fopenmp' 'OMPLFLAGS=-lgomp' 'PPFLAGS=-cpp' 'FSTD_95=-std=f95' 'FSTD_2003=-std=f2003' 'FSTD_2008=-std=f2008' 'FSTD_2018=-std=f2018' 'MODULE_PREFIX=__' 'MODULE_INFIX=_MOD_' 'MODULE_SUFFIX=' 'CC=mpicc' 'CSTD=-std=c99' 'CFLAGS=-DFUNDERSC=1' 'FFLAGS+=-O0' 'default_to_be'

# 2026-07-01 22:06:47
/home/touko/pencil-code/bin/pc_build FFLAGS+=-O0
# make '-j' 'FFLAGS_DOUBLE=-fdefault-real-8 -fdefault-double-8' 'CFLAGS_DOUBLE=-DDOUBLE_PRECISION' 'LD_MPI=' 'CFLAGS_FFTW3=' 'FFLAGS_FFTW3=' 'LD_FFTW3=' 'CFLAGS_FFTW2=' 'FFLAGS_FFTW2=' 'LD_FFTW2=' 'FC=mpif90' 'F77=mpif77' 'FFLAGS=-O' 'LDFLAGS_HELPER=-dynamic' 'FFLAG_HEAP_ALLOC=-fmax-stack-var-size=512000 -fno-stack-arrays' 'OMPFFLAGS=-fopenmp' 'OMPLFLAGS=-lgomp' 'PPFLAGS=-cpp' 'FSTD_95=-std=f95' 'FSTD_2003=-std=f2003' 'FSTD_2008=-std=f2008' 'FSTD_2018=-std=f2018' 'MODULE_PREFIX=__' 'MODULE_INFIX=_MOD_' 'MODULE_SUFFIX=' 'CC=mpicc' 'CSTD=-std=c99' 'CFLAGS=-DFUNDERSC=1' 'FFLAGS+=-O0' 'default_to_be'

# 2026-07-01 22:07:41
/home/touko/pencil-code/bin/pc_build FFLAGS+=-O0
# make '-j' 'FFLAGS_DOUBLE=-fdefault-real-8 -fdefault-double-8' 'CFLAGS_DOUBLE=-DDOUBLE_PRECISION' 'LD_MPI=' 'CFLAGS_FFTW3=' 'FFLAGS_FFTW3=' 'LD_FFTW3=' 'CFLAGS_FFTW2=' 'FFLAGS_FFTW2=' 'LD_FFTW2=' 'FC=mpif90' 'F77=mpif77' 'FFLAGS=-O' 'LDFLAGS_HELPER=-dynamic' 'FFLAG_HEAP_ALLOC=-fmax-stack-var-size=512000 -fno-stack-arrays' 'OMPFFLAGS=-fopenmp' 'OMPLFLAGS=-lgomp' 'PPFLAGS=-cpp' 'FSTD_95=-std=f95' 'FSTD_2003=-std=f2003' 'FSTD_2008=-std=f2008' 'FSTD_2018=-std=f2018' 'MODULE_PREFIX=__' 'MODULE_INFIX=_MOD_' 'MODULE_SUFFIX=' 'CC=mpicc' 'CSTD=-std=c99' 'CFLAGS=-DFUNDERSC=1' 'FFLAGS+=-O0' 'default_to_be'

# 2026-07-01 22:09:16
mpiexec -n 1 ./src/start.x

# 2026-07-01 22:09:18
mpiexec -n 1 ./src/run.x

# 2026-07-01 22:12:59
/home/touko/pencil-code/bin/pc_build FFLAGS+=-O0
# make '-j' 'FFLAGS_DOUBLE=-fdefault-real-8 -fdefault-double-8' 'CFLAGS_DOUBLE=-DDOUBLE_PRECISION' 'LD_MPI=' 'CFLAGS_FFTW3=' 'FFLAGS_FFTW3=' 'LD_FFTW3=' 'CFLAGS_FFTW2=' 'FFLAGS_FFTW2=' 'LD_FFTW2=' 'FC=mpif90' 'F77=mpif77' 'FFLAGS=-O' 'LDFLAGS_HELPER=-dynamic' 'FFLAG_HEAP_ALLOC=-fmax-stack-var-size=512000 -fno-stack-arrays' 'OMPFFLAGS=-fopenmp' 'OMPLFLAGS=-lgomp' 'PPFLAGS=-cpp' 'FSTD_95=-std=f95' 'FSTD_2003=-std=f2003' 'FSTD_2008=-std=f2008' 'FSTD_2018=-std=f2018' 'MODULE_PREFIX=__' 'MODULE_INFIX=_MOD_' 'MODULE_SUFFIX=' 'CC=mpicc' 'CSTD=-std=c99' 'CFLAGS=-DFUNDERSC=1' 'FFLAGS+=-O0' 'default_to_be'

# 2026-07-01 22:13:08
mpiexec -n 1 ./src/start.x

# 2026-07-01 22:13:40
mpiexec -n 1 ./src/start.x

# 2026-07-01 22:14:07
mpiexec -n 1 ./src/start.x

# 2026-07-01 22:14:21
mpiexec -n 1 ./src/start.x

# 2026-07-01 22:14:25
mpiexec -n 1 ./src/run.x

# 2026-07-01 22:14:40
mpiexec -n 1 ./src/run.x

# 2026-07-01 22:14:43
mpiexec -n 1 ./src/start.x

# 2026-07-01 22:14:44
mpiexec -n 1 ./src/run.x

# 2026-07-01 22:20:11
mpiexec -n 1 ./src/start.x

# 2026-07-01 22:20:13
mpiexec -n 1 ./src/run.x

# 2026-07-01 22:21:31
mpiexec -n 1 ./src/start.x

# 2026-07-01 22:21:33
mpiexec -n 1 ./src/run.x

# 2026-07-01 22:21:54
mpiexec -n 1 ./src/start.x

# 2026-07-01 22:21:56
mpiexec -n 1 ./src/run.x

# 2026-07-01 22:24:13
mpiexec -n 1 ./src/start.x

# 2026-07-01 22:24:15
mpiexec -n 1 ./src/run.x

# 2026-07-01 22:24:23
mpiexec -n 1 ./src/run.x

# 2026-07-01 22:27:33
mpiexec -n 1 ./src/start.x

# 2026-07-01 22:27:35
mpiexec -n 1 ./src/run.x

# 2026-07-01 22:27:45
mpiexec -n 1 ./src/start.x

# 2026-07-01 22:27:46
mpiexec -n 1 ./src/run.x

# 2026-07-01 22:27:50
mpiexec -n 1 ./src/start.x

# 2026-07-01 22:27:59
mpiexec -n 1 ./src/start.x

# 2026-07-01 22:28:00
mpiexec -n 1 ./src/run.x

# 2026-07-01 22:29:07
mpiexec -n 1 ./src/start.x

# 2026-07-01 22:29:08
mpiexec -n 1 ./src/run.x

# 2026-07-01 22:29:49
mpiexec -n 1 ./src/start.x

# 2026-07-01 22:30:24
mpiexec -n 1 ./src/start.x

# 2026-07-01 22:30:35
mpiexec -n 1 ./src/start.x

# 2026-07-01 22:30:37
mpiexec -n 1 ./src/run.x

# 2026-07-01 22:30:55
mpiexec -n 1 ./src/start.x

# 2026-07-01 22:30:59
mpiexec -n 1 ./src/run.x

# 2026-07-01 22:31:13
mpiexec -n 1 ./src/start.x

# 2026-07-01 22:31:15
mpiexec -n 1 ./src/run.x

# 2026-07-01 22:31:22
mpiexec -n 1 ./src/start.x

# 2026-07-01 22:31:23
mpiexec -n 1 ./src/run.x

# 2026-07-01 22:31:43
mpiexec -n 1 ./src/start.x

# 2026-07-01 22:31:44
mpiexec -n 1 ./src/run.x

# 2026-07-01 22:31:54
mpiexec -n 1 ./src/start.x

# 2026-07-01 22:31:56
mpiexec -n 1 ./src/run.x

# 2026-07-01 22:32:09
mpiexec -n 1 ./src/start.x

# 2026-07-01 22:32:10
mpiexec -n 1 ./src/run.x

# 2026-07-01 22:32:20
mpiexec -n 1 ./src/start.x

# 2026-07-01 22:33:08
mpiexec -n 1 ./src/start.x

# 2026-07-01 22:33:10
mpiexec -n 1 ./src/run.x

# 2026-07-01 22:33:37
mpiexec -n 1 ./src/run.x

# 2026-07-01 22:33:39
mpiexec -n 1 ./src/start.x

# 2026-07-01 22:33:40
mpiexec -n 1 ./src/run.x

# 2026-07-01 22:33:48
mpiexec -n 1 ./src/run.x

# 2026-07-01 22:34:03
mpiexec -n 1 ./src/start.x

# 2026-07-01 22:34:04
mpiexec -n 1 ./src/run.x

# 2026-07-01 22:34:17
mpiexec -n 1 ./src/start.x

# 2026-07-01 22:34:19
mpiexec -n 1 ./src/run.x

# 2026-07-01 22:35:22
mpiexec -n 1 ./src/start.x

# 2026-07-01 22:35:23
mpiexec -n 1 ./src/run.x

# 2026-07-01 22:36:11
mpiexec -n 1 ./src/start.x

# 2026-07-01 22:36:12
mpiexec -n 1 ./src/run.x

# 2026-07-01 22:36:27
mpiexec -n 1 ./src/start.x

# 2026-07-01 22:36:28
mpiexec -n 1 ./src/run.x

# 2026-07-01 22:39:57
mpiexec -n 1 ./src/start.x

# 2026-07-01 22:39:59
mpiexec -n 1 ./src/run.x

# 2026-07-01 22:40:06
mpiexec -n 1 ./src/run.x

# 2026-07-01 22:42:10
/home/touko/pencil-code/bin/pc_build FFLAGS+=-O0
# make '-j' 'FFLAGS_DOUBLE=-fdefault-real-8 -fdefault-double-8' 'CFLAGS_DOUBLE=-DDOUBLE_PRECISION' 'LD_MPI=' 'CFLAGS_FFTW3=' 'FFLAGS_FFTW3=' 'LD_FFTW3=' 'CFLAGS_FFTW2=' 'FFLAGS_FFTW2=' 'LD_FFTW2=' 'FC=mpif90' 'F77=mpif77' 'FFLAGS=-O' 'LDFLAGS_HELPER=-dynamic' 'FFLAG_HEAP_ALLOC=-fmax-stack-var-size=512000 -fno-stack-arrays' 'OMPFFLAGS=-fopenmp' 'OMPLFLAGS=-lgomp' 'PPFLAGS=-cpp' 'FSTD_95=-std=f95' 'FSTD_2003=-std=f2003' 'FSTD_2008=-std=f2008' 'FSTD_2018=-std=f2018' 'MODULE_PREFIX=__' 'MODULE_INFIX=_MOD_' 'MODULE_SUFFIX=' 'CC=mpicc' 'CSTD=-std=c99' 'CFLAGS=-DFUNDERSC=1' 'FFLAGS+=-O0' 'default_to_be'

# 2026-07-01 22:43:30
mpiexec -n 1 ./src/start.x

# 2026-07-01 22:43:32
mpiexec -n 1 ./src/run.x

# 2026-07-01 22:43:54
mpiexec -n 1 ./src/start.x

# 2026-07-01 22:43:56
mpiexec -n 1 ./src/run.x

# 2026-07-01 23:44:20
mpiexec -n 1 ./src/start.x

# 2026-07-01 23:44:41
/home/touko/pencil-code/bin/pc_build FFLAGS+=-O0
# make '-j' 'FFLAGS_DOUBLE=-fdefault-real-8 -fdefault-double-8' 'CFLAGS_DOUBLE=-DDOUBLE_PRECISION' 'LD_MPI=' 'CFLAGS_FFTW3=' 'FFLAGS_FFTW3=' 'LD_FFTW3=' 'CFLAGS_FFTW2=' 'FFLAGS_FFTW2=' 'LD_FFTW2=' 'FC=mpif90' 'F77=mpif77' 'FFLAGS=-O' 'LDFLAGS_HELPER=-dynamic' 'FFLAG_HEAP_ALLOC=-fmax-stack-var-size=512000 -fno-stack-arrays' 'OMPFFLAGS=-fopenmp' 'OMPLFLAGS=-lgomp' 'PPFLAGS=-cpp' 'FSTD_95=-std=f95' 'FSTD_2003=-std=f2003' 'FSTD_2008=-std=f2008' 'FSTD_2018=-std=f2018' 'MODULE_PREFIX=__' 'MODULE_INFIX=_MOD_' 'MODULE_SUFFIX=' 'CC=mpicc' 'CSTD=-std=c99' 'CFLAGS=-DFUNDERSC=1' 'FFLAGS+=-O0' 'default_to_be'

# 2026-07-01 23:45:13
/home/touko/pencil-code/bin/pc_build FFLAGS+=-O0
# make '-j' 'FFLAGS_DOUBLE=-fdefault-real-8 -fdefault-double-8' 'CFLAGS_DOUBLE=-DDOUBLE_PRECISION' 'LD_MPI=' 'CFLAGS_FFTW3=' 'FFLAGS_FFTW3=' 'LD_FFTW3=' 'CFLAGS_FFTW2=' 'FFLAGS_FFTW2=' 'LD_FFTW2=' 'FC=mpif90' 'F77=mpif77' 'FFLAGS=-O' 'LDFLAGS_HELPER=-dynamic' 'FFLAG_HEAP_ALLOC=-fmax-stack-var-size=512000 -fno-stack-arrays' 'OMPFFLAGS=-fopenmp' 'OMPLFLAGS=-lgomp' 'PPFLAGS=-cpp' 'FSTD_95=-std=f95' 'FSTD_2003=-std=f2003' 'FSTD_2008=-std=f2008' 'FSTD_2018=-std=f2018' 'MODULE_PREFIX=__' 'MODULE_INFIX=_MOD_' 'MODULE_SUFFIX=' 'CC=mpicc' 'CSTD=-std=c99' 'CFLAGS=-DFUNDERSC=1' 'FFLAGS+=-O0' 'default_to_be'

# 2026-07-01 23:45:45
mpiexec -n 1 ./src/start.x

# 2026-07-01 23:45:47
mpiexec -n 1 ./src/run.x

# 2026-07-01 23:46:06
mpiexec -n 1 ./src/start.x

# 2026-07-01 23:46:07
mpiexec -n 1 ./src/run.x

# 2026-07-01 23:47:46
mpiexec -n 1 ./src/start.x

# 2026-07-01 23:47:48
mpiexec -n 1 ./src/run.x

# 2026-07-01 23:48:22
/home/touko/pencil-code/bin/pc_build FFLAGS+=-O0
# make '-j' 'FFLAGS_DOUBLE=-fdefault-real-8 -fdefault-double-8' 'CFLAGS_DOUBLE=-DDOUBLE_PRECISION' 'LD_MPI=' 'CFLAGS_FFTW3=' 'FFLAGS_FFTW3=' 'LD_FFTW3=' 'CFLAGS_FFTW2=' 'FFLAGS_FFTW2=' 'LD_FFTW2=' 'FC=mpif90' 'F77=mpif77' 'FFLAGS=-O' 'LDFLAGS_HELPER=-dynamic' 'FFLAG_HEAP_ALLOC=-fmax-stack-var-size=512000 -fno-stack-arrays' 'OMPFFLAGS=-fopenmp' 'OMPLFLAGS=-lgomp' 'PPFLAGS=-cpp' 'FSTD_95=-std=f95' 'FSTD_2003=-std=f2003' 'FSTD_2008=-std=f2008' 'FSTD_2018=-std=f2018' 'MODULE_PREFIX=__' 'MODULE_INFIX=_MOD_' 'MODULE_SUFFIX=' 'CC=mpicc' 'CSTD=-std=c99' 'CFLAGS=-DFUNDERSC=1' 'FFLAGS+=-O0' 'default_to_be'

# 2026-07-01 23:48:49
mpiexec -n 1 ./src/start.x

# 2026-07-01 23:48:51
mpiexec -n 1 ./src/run.x

# 2026-07-02 09:44:04
mpiexec -n 1 ./src/start.x

# 2026-07-02 09:44:06
mpiexec -n 1 ./src/run.x

# 2026-07-06 20:21:53
/home/touko/pencil-code/bin/pc_build FFLAGS+=-O0
# make '-j' 'FFLAGS_DOUBLE=-fdefault-real-8 -fdefault-double-8' 'CFLAGS_DOUBLE=-DDOUBLE_PRECISION' 'LD_MPI=' 'CFLAGS_FFTW3=' 'FFLAGS_FFTW3=' 'LD_FFTW3=' 'CFLAGS_FFTW2=' 'FFLAGS_FFTW2=' 'LD_FFTW2=' 'FC=mpif90' 'F77=mpif77' 'FFLAGS=-O' 'LDFLAGS_HELPER=-dynamic' 'FFLAG_HEAP_ALLOC=-fmax-stack-var-size=512000 -fno-stack-arrays' 'OMPFFLAGS=-fopenmp' 'OMPLFLAGS=-lgomp' 'PPFLAGS=-cpp' 'FSTD_95=-std=f95' 'FSTD_2003=-std=f2003' 'FSTD_2008=-std=f2008' 'FSTD_2018=-std=f2018' 'MODULE_PREFIX=__' 'MODULE_INFIX=_MOD_' 'MODULE_SUFFIX=' 'CC=mpicc' 'CSTD=-std=c99' 'CFLAGS=-DFUNDERSC=1' 'FFLAGS+=-O0' 'default_to_be'

# 2026-07-06 20:22:47
/home/touko/pencil-code/bin/pc_build FFLAGS+=-O0
# make '-j' 'FFLAGS_DOUBLE=-fdefault-real-8 -fdefault-double-8' 'CFLAGS_DOUBLE=-DDOUBLE_PRECISION' 'LD_MPI=' 'CFLAGS_FFTW3=' 'FFLAGS_FFTW3=' 'LD_FFTW3=' 'CFLAGS_FFTW2=' 'FFLAGS_FFTW2=' 'LD_FFTW2=' 'FC=mpif90' 'F77=mpif77' 'FFLAGS=-O' 'LDFLAGS_HELPER=-dynamic' 'FFLAG_HEAP_ALLOC=-fmax-stack-var-size=512000 -fno-stack-arrays' 'OMPFFLAGS=-fopenmp' 'OMPLFLAGS=-lgomp' 'PPFLAGS=-cpp' 'FSTD_95=-std=f95' 'FSTD_2003=-std=f2003' 'FSTD_2008=-std=f2008' 'FSTD_2018=-std=f2018' 'MODULE_PREFIX=__' 'MODULE_INFIX=_MOD_' 'MODULE_SUFFIX=' 'CC=mpicc' 'CSTD=-std=c99' 'CFLAGS=-DFUNDERSC=1' 'FFLAGS+=-O0' 'default_to_be'

# 2026-07-06 20:23:51
mpiexec -n 1 ./src/start.x

# 2026-07-06 20:24:22
mpiexec -n 1 ./src/start.x

# 2026-07-06 20:24:44
mpiexec -n 1 ./src/start.x

# 2026-07-06 20:24:56
mpiexec -n 1 ./src/start.x

# 2026-07-06 20:25:33
mpiexec -n 1 ./src/start.x

# 2026-07-06 20:27:15
mpiexec -n 1 ./src/start.x

# 2026-07-06 20:27:17
mpiexec -n 1 ./src/run.x

# 2026-07-06 20:27:40
mpiexec -n 1 ./src/run.x

# 2026-07-06 20:28:06
mpiexec -n 1 ./src/start.x

# 2026-07-06 20:28:07
mpiexec -n 1 ./src/run.x

# 2026-07-06 20:28:21
mpiexec -n 1 ./src/start.x

# 2026-07-06 20:28:40
mpiexec -n 1 ./src/start.x

# 2026-07-06 20:28:54
mpiexec -n 1 ./src/start.x

# 2026-07-06 20:28:57
mpiexec -n 1 ./src/start.x

# 2026-07-06 20:29:37
mpiexec -n 1 ./src/start.x

# 2026-07-06 20:29:39
mpiexec -n 1 ./src/run.x

# 2026-07-06 20:29:59
mpiexec -n 1 ./src/start.x

# 2026-07-06 20:30:00
mpiexec -n 1 ./src/run.x

# 2026-07-06 20:30:54
mpiexec -n 1 ./src/start.x

# 2026-07-06 20:30:56
mpiexec -n 1 ./src/run.x

# 2026-07-06 20:31:10
mpiexec -n 1 ./src/start.x

# 2026-07-06 20:31:11
mpiexec -n 1 ./src/run.x

# 2026-07-06 20:32:11
/home/touko/pencil-code/bin/pc_build FFLAGS+=-O0
# make '-j' 'FFLAGS_DOUBLE=-fdefault-real-8 -fdefault-double-8' 'CFLAGS_DOUBLE=-DDOUBLE_PRECISION' 'LD_MPI=' 'CFLAGS_FFTW3=' 'FFLAGS_FFTW3=' 'LD_FFTW3=' 'CFLAGS_FFTW2=' 'FFLAGS_FFTW2=' 'LD_FFTW2=' 'FC=mpif90' 'F77=mpif77' 'FFLAGS=-O' 'LDFLAGS_HELPER=-dynamic' 'FFLAG_HEAP_ALLOC=-fmax-stack-var-size=512000 -fno-stack-arrays' 'OMPFFLAGS=-fopenmp' 'OMPLFLAGS=-lgomp' 'PPFLAGS=-cpp' 'FSTD_95=-std=f95' 'FSTD_2003=-std=f2003' 'FSTD_2008=-std=f2008' 'FSTD_2018=-std=f2018' 'MODULE_PREFIX=__' 'MODULE_INFIX=_MOD_' 'MODULE_SUFFIX=' 'CC=mpicc' 'CSTD=-std=c99' 'CFLAGS=-DFUNDERSC=1' 'FFLAGS+=-O0' 'default_to_be'

# 2026-07-06 20:32:45
mpiexec -n 1 ./src/start.x

# 2026-07-06 20:32:47
mpiexec -n 1 ./src/run.x

# 2026-07-06 20:32:59
mpiexec -n 1 ./src/start.x

# 2026-07-06 20:33:00
mpiexec -n 1 ./src/run.x

# 2026-07-06 20:34:21
/home/touko/pencil-code/bin/pc_build FFLAGS+=-O0
# make '-j' 'FFLAGS_DOUBLE=-fdefault-real-8 -fdefault-double-8' 'CFLAGS_DOUBLE=-DDOUBLE_PRECISION' 'LD_MPI=' 'CFLAGS_FFTW3=' 'FFLAGS_FFTW3=' 'LD_FFTW3=' 'CFLAGS_FFTW2=' 'FFLAGS_FFTW2=' 'LD_FFTW2=' 'FC=mpif90' 'F77=mpif77' 'FFLAGS=-O' 'LDFLAGS_HELPER=-dynamic' 'FFLAG_HEAP_ALLOC=-fmax-stack-var-size=512000 -fno-stack-arrays' 'OMPFFLAGS=-fopenmp' 'OMPLFLAGS=-lgomp' 'PPFLAGS=-cpp' 'FSTD_95=-std=f95' 'FSTD_2003=-std=f2003' 'FSTD_2008=-std=f2008' 'FSTD_2018=-std=f2018' 'MODULE_PREFIX=__' 'MODULE_INFIX=_MOD_' 'MODULE_SUFFIX=' 'CC=mpicc' 'CSTD=-std=c99' 'CFLAGS=-DFUNDERSC=1' 'FFLAGS+=-O0' 'default_to_be'

# 2026-07-06 20:34:52
mpiexec -n 1 ./src/start.x

# 2026-07-06 20:34:53
mpiexec -n 1 ./src/run.x

# 2026-07-06 20:36:35
/home/touko/pencil-code/bin/pc_build FFLAGS+=-O0
# make '-j' 'FFLAGS_DOUBLE=-fdefault-real-8 -fdefault-double-8' 'CFLAGS_DOUBLE=-DDOUBLE_PRECISION' 'LD_MPI=' 'CFLAGS_FFTW3=' 'FFLAGS_FFTW3=' 'LD_FFTW3=' 'CFLAGS_FFTW2=' 'FFLAGS_FFTW2=' 'LD_FFTW2=' 'FC=mpif90' 'F77=mpif77' 'FFLAGS=-O' 'LDFLAGS_HELPER=-dynamic' 'FFLAG_HEAP_ALLOC=-fmax-stack-var-size=512000 -fno-stack-arrays' 'OMPFFLAGS=-fopenmp' 'OMPLFLAGS=-lgomp' 'PPFLAGS=-cpp' 'FSTD_95=-std=f95' 'FSTD_2003=-std=f2003' 'FSTD_2008=-std=f2008' 'FSTD_2018=-std=f2018' 'MODULE_PREFIX=__' 'MODULE_INFIX=_MOD_' 'MODULE_SUFFIX=' 'CC=mpicc' 'CSTD=-std=c99' 'CFLAGS=-DFUNDERSC=1' 'FFLAGS+=-O0' 'default_to_be'

# 2026-07-06 20:37:07
/home/touko/pencil-code/bin/pc_build FFLAGS+=-O0
# make '-j' 'FFLAGS_DOUBLE=-fdefault-real-8 -fdefault-double-8' 'CFLAGS_DOUBLE=-DDOUBLE_PRECISION' 'LD_MPI=' 'CFLAGS_FFTW3=' 'FFLAGS_FFTW3=' 'LD_FFTW3=' 'CFLAGS_FFTW2=' 'FFLAGS_FFTW2=' 'LD_FFTW2=' 'FC=mpif90' 'F77=mpif77' 'FFLAGS=-O' 'LDFLAGS_HELPER=-dynamic' 'FFLAG_HEAP_ALLOC=-fmax-stack-var-size=512000 -fno-stack-arrays' 'OMPFFLAGS=-fopenmp' 'OMPLFLAGS=-lgomp' 'PPFLAGS=-cpp' 'FSTD_95=-std=f95' 'FSTD_2003=-std=f2003' 'FSTD_2008=-std=f2008' 'FSTD_2018=-std=f2018' 'MODULE_PREFIX=__' 'MODULE_INFIX=_MOD_' 'MODULE_SUFFIX=' 'CC=mpicc' 'CSTD=-std=c99' 'CFLAGS=-DFUNDERSC=1' 'FFLAGS+=-O0' 'default_to_be'

# 2026-07-06 20:38:53
mpiexec -n 1 ./src/start.x

# 2026-07-06 20:38:54
mpiexec -n 1 ./src/run.x

# 2026-07-06 20:41:59
/home/touko/pencil-code/bin/pc_build FFLAGS+=-O0
# make '-j' 'FFLAGS_DOUBLE=-fdefault-real-8 -fdefault-double-8' 'CFLAGS_DOUBLE=-DDOUBLE_PRECISION' 'LD_MPI=' 'CFLAGS_FFTW3=' 'FFLAGS_FFTW3=' 'LD_FFTW3=' 'CFLAGS_FFTW2=' 'FFLAGS_FFTW2=' 'LD_FFTW2=' 'FC=mpif90' 'F77=mpif77' 'FFLAGS=-O' 'LDFLAGS_HELPER=-dynamic' 'FFLAG_HEAP_ALLOC=-fmax-stack-var-size=512000 -fno-stack-arrays' 'OMPFFLAGS=-fopenmp' 'OMPLFLAGS=-lgomp' 'PPFLAGS=-cpp' 'FSTD_95=-std=f95' 'FSTD_2003=-std=f2003' 'FSTD_2008=-std=f2008' 'FSTD_2018=-std=f2018' 'MODULE_PREFIX=__' 'MODULE_INFIX=_MOD_' 'MODULE_SUFFIX=' 'CC=mpicc' 'CSTD=-std=c99' 'CFLAGS=-DFUNDERSC=1' 'FFLAGS+=-O0' 'default_to_be'

# 2026-07-06 20:42:43
mpiexec -n 1 ./src/start.x

# 2026-07-06 20:42:44
mpiexec -n 1 ./src/run.x

# 2026-07-06 20:43:38
mpiexec -n 1 ./src/start.x

# 2026-07-06 20:43:39
mpiexec -n 1 ./src/run.x

# 2026-07-06 20:43:52
mpiexec -n 1 ./src/run.x

# 2026-07-06 20:43:55
/home/touko/pencil-code/bin/pc_build FFLAGS+=-O0
# make '-j' 'FFLAGS_DOUBLE=-fdefault-real-8 -fdefault-double-8' 'CFLAGS_DOUBLE=-DDOUBLE_PRECISION' 'LD_MPI=' 'CFLAGS_FFTW3=' 'FFLAGS_FFTW3=' 'LD_FFTW3=' 'CFLAGS_FFTW2=' 'FFLAGS_FFTW2=' 'LD_FFTW2=' 'FC=mpif90' 'F77=mpif77' 'FFLAGS=-O' 'LDFLAGS_HELPER=-dynamic' 'FFLAG_HEAP_ALLOC=-fmax-stack-var-size=512000 -fno-stack-arrays' 'OMPFFLAGS=-fopenmp' 'OMPLFLAGS=-lgomp' 'PPFLAGS=-cpp' 'FSTD_95=-std=f95' 'FSTD_2003=-std=f2003' 'FSTD_2008=-std=f2008' 'FSTD_2018=-std=f2018' 'MODULE_PREFIX=__' 'MODULE_INFIX=_MOD_' 'MODULE_SUFFIX=' 'CC=mpicc' 'CSTD=-std=c99' 'CFLAGS=-DFUNDERSC=1' 'FFLAGS+=-O0' 'default_to_be'

# 2026-07-06 20:44:25
mpiexec -n 1 ./src/start.x

# 2026-07-06 20:44:26
mpiexec -n 1 ./src/run.x

# 2026-07-06 20:47:45
mpiexec -n 1 ./src/start.x

# 2026-07-06 20:47:47
mpiexec -n 1 ./src/run.x

# 2026-07-06 20:54:24
/home/touko/pencil-code/bin/pc_build FFLAGS+=-O0
# make '-j' 'FFLAGS_DOUBLE=-fdefault-real-8 -fdefault-double-8' 'CFLAGS_DOUBLE=-DDOUBLE_PRECISION' 'LD_MPI=' 'CFLAGS_FFTW3=' 'FFLAGS_FFTW3=' 'LD_FFTW3=' 'CFLAGS_FFTW2=' 'FFLAGS_FFTW2=' 'LD_FFTW2=' 'FC=mpif90' 'F77=mpif77' 'FFLAGS=-O' 'LDFLAGS_HELPER=-dynamic' 'FFLAG_HEAP_ALLOC=-fmax-stack-var-size=512000 -fno-stack-arrays' 'OMPFFLAGS=-fopenmp' 'OMPLFLAGS=-lgomp' 'PPFLAGS=-cpp' 'FSTD_95=-std=f95' 'FSTD_2003=-std=f2003' 'FSTD_2008=-std=f2008' 'FSTD_2018=-std=f2018' 'MODULE_PREFIX=__' 'MODULE_INFIX=_MOD_' 'MODULE_SUFFIX=' 'CC=mpicc' 'CSTD=-std=c99' 'CFLAGS=-DFUNDERSC=1' 'FFLAGS+=-O0' 'default_to_be'

# 2026-07-06 20:56:56
mpiexec -n 1 ./src/start.x

# 2026-07-06 20:56:57
mpiexec -n 1 ./src/run.x

# 2026-07-06 20:57:18
/home/touko/pencil-code/bin/pc_build FFLAGS+=-O0
# make '-j' 'FFLAGS_DOUBLE=-fdefault-real-8 -fdefault-double-8' 'CFLAGS_DOUBLE=-DDOUBLE_PRECISION' 'LD_MPI=' 'CFLAGS_FFTW3=' 'FFLAGS_FFTW3=' 'LD_FFTW3=' 'CFLAGS_FFTW2=' 'FFLAGS_FFTW2=' 'LD_FFTW2=' 'FC=mpif90' 'F77=mpif77' 'FFLAGS=-O' 'LDFLAGS_HELPER=-dynamic' 'FFLAG_HEAP_ALLOC=-fmax-stack-var-size=512000 -fno-stack-arrays' 'OMPFFLAGS=-fopenmp' 'OMPLFLAGS=-lgomp' 'PPFLAGS=-cpp' 'FSTD_95=-std=f95' 'FSTD_2003=-std=f2003' 'FSTD_2008=-std=f2008' 'FSTD_2018=-std=f2018' 'MODULE_PREFIX=__' 'MODULE_INFIX=_MOD_' 'MODULE_SUFFIX=' 'CC=mpicc' 'CSTD=-std=c99' 'CFLAGS=-DFUNDERSC=1' 'FFLAGS+=-O0' 'default_to_be'

# 2026-07-06 20:57:52
mpiexec -n 1 ./src/start.x

# 2026-07-06 20:57:53
mpiexec -n 1 ./src/run.x

# 2026-07-06 20:59:13
mpiexec -n 1 ./src/start.x

# 2026-07-06 20:59:14
mpiexec -n 1 ./src/run.x

# 2026-07-06 20:59:37
/home/touko/pencil-code/bin/pc_build FFLAGS+=-O0
# make '-j' 'FFLAGS_DOUBLE=-fdefault-real-8 -fdefault-double-8' 'CFLAGS_DOUBLE=-DDOUBLE_PRECISION' 'LD_MPI=' 'CFLAGS_FFTW3=' 'FFLAGS_FFTW3=' 'LD_FFTW3=' 'CFLAGS_FFTW2=' 'FFLAGS_FFTW2=' 'LD_FFTW2=' 'FC=mpif90' 'F77=mpif77' 'FFLAGS=-O' 'LDFLAGS_HELPER=-dynamic' 'FFLAG_HEAP_ALLOC=-fmax-stack-var-size=512000 -fno-stack-arrays' 'OMPFFLAGS=-fopenmp' 'OMPLFLAGS=-lgomp' 'PPFLAGS=-cpp' 'FSTD_95=-std=f95' 'FSTD_2003=-std=f2003' 'FSTD_2008=-std=f2008' 'FSTD_2018=-std=f2018' 'MODULE_PREFIX=__' 'MODULE_INFIX=_MOD_' 'MODULE_SUFFIX=' 'CC=mpicc' 'CSTD=-std=c99' 'CFLAGS=-DFUNDERSC=1' 'FFLAGS+=-O0' 'default_to_be'

# 2026-07-06 21:00:27
mpiexec -n 1 ./src/start.x

# 2026-07-06 21:00:28
mpiexec -n 1 ./src/run.x

# 2026-07-06 21:01:53
/home/touko/pencil-code/bin/pc_build FFLAGS+=-O0
# make '-j' 'FFLAGS_DOUBLE=-fdefault-real-8 -fdefault-double-8' 'CFLAGS_DOUBLE=-DDOUBLE_PRECISION' 'LD_MPI=' 'CFLAGS_FFTW3=' 'FFLAGS_FFTW3=' 'LD_FFTW3=' 'CFLAGS_FFTW2=' 'FFLAGS_FFTW2=' 'LD_FFTW2=' 'FC=mpif90' 'F77=mpif77' 'FFLAGS=-O' 'LDFLAGS_HELPER=-dynamic' 'FFLAG_HEAP_ALLOC=-fmax-stack-var-size=512000 -fno-stack-arrays' 'OMPFFLAGS=-fopenmp' 'OMPLFLAGS=-lgomp' 'PPFLAGS=-cpp' 'FSTD_95=-std=f95' 'FSTD_2003=-std=f2003' 'FSTD_2008=-std=f2008' 'FSTD_2018=-std=f2018' 'MODULE_PREFIX=__' 'MODULE_INFIX=_MOD_' 'MODULE_SUFFIX=' 'CC=mpicc' 'CSTD=-std=c99' 'CFLAGS=-DFUNDERSC=1' 'FFLAGS+=-O0' 'default_to_be'

# 2026-07-06 21:02:31
/home/touko/pencil-code/bin/pc_build FFLAGS+=-O0
# make '-j' 'FFLAGS_DOUBLE=-fdefault-real-8 -fdefault-double-8' 'CFLAGS_DOUBLE=-DDOUBLE_PRECISION' 'LD_MPI=' 'CFLAGS_FFTW3=' 'FFLAGS_FFTW3=' 'LD_FFTW3=' 'CFLAGS_FFTW2=' 'FFLAGS_FFTW2=' 'LD_FFTW2=' 'FC=mpif90' 'F77=mpif77' 'FFLAGS=-O' 'LDFLAGS_HELPER=-dynamic' 'FFLAG_HEAP_ALLOC=-fmax-stack-var-size=512000 -fno-stack-arrays' 'OMPFFLAGS=-fopenmp' 'OMPLFLAGS=-lgomp' 'PPFLAGS=-cpp' 'FSTD_95=-std=f95' 'FSTD_2003=-std=f2003' 'FSTD_2008=-std=f2008' 'FSTD_2018=-std=f2018' 'MODULE_PREFIX=__' 'MODULE_INFIX=_MOD_' 'MODULE_SUFFIX=' 'CC=mpicc' 'CSTD=-std=c99' 'CFLAGS=-DFUNDERSC=1' 'FFLAGS+=-O0' 'default_to_be'

# 2026-07-06 21:03:35
mpiexec -n 1 ./src/start.x

# 2026-07-06 21:03:36
mpiexec -n 1 ./src/run.x

# 2026-07-06 21:03:51
/home/touko/pencil-code/bin/pc_build FFLAGS+=-O0
# make '-j' 'FFLAGS_DOUBLE=-fdefault-real-8 -fdefault-double-8' 'CFLAGS_DOUBLE=-DDOUBLE_PRECISION' 'LD_MPI=' 'CFLAGS_FFTW3=' 'FFLAGS_FFTW3=' 'LD_FFTW3=' 'CFLAGS_FFTW2=' 'FFLAGS_FFTW2=' 'LD_FFTW2=' 'FC=mpif90' 'F77=mpif77' 'FFLAGS=-O' 'LDFLAGS_HELPER=-dynamic' 'FFLAG_HEAP_ALLOC=-fmax-stack-var-size=512000 -fno-stack-arrays' 'OMPFFLAGS=-fopenmp' 'OMPLFLAGS=-lgomp' 'PPFLAGS=-cpp' 'FSTD_95=-std=f95' 'FSTD_2003=-std=f2003' 'FSTD_2008=-std=f2008' 'FSTD_2018=-std=f2018' 'MODULE_PREFIX=__' 'MODULE_INFIX=_MOD_' 'MODULE_SUFFIX=' 'CC=mpicc' 'CSTD=-std=c99' 'CFLAGS=-DFUNDERSC=1' 'FFLAGS+=-O0' 'default_to_be'

# 2026-07-06 21:04:25
mpiexec -n 1 ./src/start.x

# 2026-07-06 21:04:26
mpiexec -n 1 ./src/run.x

# 2026-07-06 21:05:19
mpiexec -n 1 ./src/start.x

# 2026-07-06 21:05:20
mpiexec -n 1 ./src/run.x

# 2026-07-06 21:23:43
/home/touko/pencil-code/bin/pc_build FFLAGS+=-O0
# make '-j' 'FFLAGS_DOUBLE=-fdefault-real-8 -fdefault-double-8' 'CFLAGS_DOUBLE=-DDOUBLE_PRECISION' 'LD_MPI=' 'CFLAGS_FFTW3=' 'FFLAGS_FFTW3=' 'LD_FFTW3=' 'CFLAGS_FFTW2=' 'FFLAGS_FFTW2=' 'LD_FFTW2=' 'FC=mpif90' 'F77=mpif77' 'FFLAGS=-O' 'LDFLAGS_HELPER=-dynamic' 'FFLAG_HEAP_ALLOC=-fmax-stack-var-size=512000 -fno-stack-arrays' 'OMPFFLAGS=-fopenmp' 'OMPLFLAGS=-lgomp' 'PPFLAGS=-cpp' 'FSTD_95=-std=f95' 'FSTD_2003=-std=f2003' 'FSTD_2008=-std=f2008' 'FSTD_2018=-std=f2018' 'MODULE_PREFIX=__' 'MODULE_INFIX=_MOD_' 'MODULE_SUFFIX=' 'CC=mpicc' 'CSTD=-std=c99' 'CFLAGS=-DFUNDERSC=1' 'FFLAGS+=-O0' 'default_to_be'

# 2026-07-06 21:25:48
mpiexec -n 1 ./src/start.x

# 2026-07-06 21:25:50
mpiexec -n 1 ./src/run.x

# 2026-07-06 21:40:54
mpiexec -n 1 ./src/start.x

# 2026-07-06 21:40:55
mpiexec -n 1 ./src/run.x

# 2026-07-06 21:41:50
mpiexec -n 1 ./src/start.x

# 2026-07-06 21:41:51
mpiexec -n 1 ./src/run.x

# 2026-07-06 21:50:08
# copied from '/home/touko/pencil-code/samples/vacuum-bubbles-spherical'

# 2026-07-06 21:50:43
/home/touko/pencil-code/bin/pc_build FFLAGS+=-O0
# make '-j' 'FFLAGS_DOUBLE=-fdefault-real-8 -fdefault-double-8' 'CFLAGS_DOUBLE=-DDOUBLE_PRECISION' 'LD_MPI=' 'CFLAGS_FFTW3=' 'FFLAGS_FFTW3=' 'LD_FFTW3=' 'CFLAGS_FFTW2=' 'FFLAGS_FFTW2=' 'LD_FFTW2=' 'FC=mpif90' 'F77=mpif77' 'FFLAGS=-O' 'LDFLAGS_HELPER=-dynamic' 'FFLAG_HEAP_ALLOC=-fmax-stack-var-size=512000 -fno-stack-arrays' 'OMPFFLAGS=-fopenmp' 'OMPLFLAGS=-lgomp' 'PPFLAGS=-cpp' 'FSTD_95=-std=f95' 'FSTD_2003=-std=f2003' 'FSTD_2008=-std=f2008' 'FSTD_2018=-std=f2018' 'MODULE_PREFIX=__' 'MODULE_INFIX=_MOD_' 'MODULE_SUFFIX=' 'CC=mpicc' 'CSTD=-std=c99' 'CFLAGS=-DFUNDERSC=1' 'FFLAGS+=-O0' 'default_to_be'

# 2026-07-06 21:51:23
mpiexec -n 1 ./src/start.x

# 2026-07-06 21:51:24
mpiexec -n 1 ./src/run.x

# 2026-07-06 21:52:27
mpiexec -n 1 ./src/start.x

# 2026-07-06 21:52:28
mpiexec -n 1 ./src/run.x

# 2026-07-06 21:53:09
mpiexec -n 1 ./src/start.x

# 2026-07-06 21:53:11
mpiexec -n 1 ./src/run.x

# 2026-07-06 21:53:49
mpiexec -n 1 ./src/start.x

# 2026-07-06 21:53:51
mpiexec -n 1 ./src/run.x

# 2026-07-06 22:08:50
/home/touko/pencil-code/bin/pc_build FFLAGS+=-O0
# make '-j' 'FFLAGS_DOUBLE=-fdefault-real-8 -fdefault-double-8' 'CFLAGS_DOUBLE=-DDOUBLE_PRECISION' 'LD_MPI=' 'CFLAGS_FFTW3=' 'FFLAGS_FFTW3=' 'LD_FFTW3=' 'CFLAGS_FFTW2=' 'FFLAGS_FFTW2=' 'LD_FFTW2=' 'FC=mpif90' 'F77=mpif77' 'FFLAGS=-O' 'LDFLAGS_HELPER=-dynamic' 'FFLAG_HEAP_ALLOC=-fmax-stack-var-size=512000 -fno-stack-arrays' 'OMPFFLAGS=-fopenmp' 'OMPLFLAGS=-lgomp' 'PPFLAGS=-cpp' 'FSTD_95=-std=f95' 'FSTD_2003=-std=f2003' 'FSTD_2008=-std=f2008' 'FSTD_2018=-std=f2018' 'MODULE_PREFIX=__' 'MODULE_INFIX=_MOD_' 'MODULE_SUFFIX=' 'CC=mpicc' 'CSTD=-std=c99' 'CFLAGS=-DFUNDERSC=1' 'FFLAGS+=-O0' 'default_to_be'

# 2026-07-06 22:10:11
/home/touko/pencil-code/bin/pc_build FFLAGS+=-O0
# make '-j' 'FFLAGS_DOUBLE=-fdefault-real-8 -fdefault-double-8' 'CFLAGS_DOUBLE=-DDOUBLE_PRECISION' 'LD_MPI=' 'CFLAGS_FFTW3=' 'FFLAGS_FFTW3=' 'LD_FFTW3=' 'CFLAGS_FFTW2=' 'FFLAGS_FFTW2=' 'LD_FFTW2=' 'FC=mpif90' 'F77=mpif77' 'FFLAGS=-O' 'LDFLAGS_HELPER=-dynamic' 'FFLAG_HEAP_ALLOC=-fmax-stack-var-size=512000 -fno-stack-arrays' 'OMPFFLAGS=-fopenmp' 'OMPLFLAGS=-lgomp' 'PPFLAGS=-cpp' 'FSTD_95=-std=f95' 'FSTD_2003=-std=f2003' 'FSTD_2008=-std=f2008' 'FSTD_2018=-std=f2018' 'MODULE_PREFIX=__' 'MODULE_INFIX=_MOD_' 'MODULE_SUFFIX=' 'CC=mpicc' 'CSTD=-std=c99' 'CFLAGS=-DFUNDERSC=1' 'FFLAGS+=-O0' 'default_to_be'

# 2026-07-06 22:13:06
mpiexec -n 1 ./src/start.x

# 2026-07-06 22:13:07
mpiexec -n 1 ./src/run.x

# 2026-07-06 22:13:38
/home/touko/pencil-code/bin/pc_build FFLAGS+=-O0
# make '-j' 'FFLAGS_DOUBLE=-fdefault-real-8 -fdefault-double-8' 'CFLAGS_DOUBLE=-DDOUBLE_PRECISION' 'LD_MPI=' 'CFLAGS_FFTW3=' 'FFLAGS_FFTW3=' 'LD_FFTW3=' 'CFLAGS_FFTW2=' 'FFLAGS_FFTW2=' 'LD_FFTW2=' 'FC=mpif90' 'F77=mpif77' 'FFLAGS=-O' 'LDFLAGS_HELPER=-dynamic' 'FFLAG_HEAP_ALLOC=-fmax-stack-var-size=512000 -fno-stack-arrays' 'OMPFFLAGS=-fopenmp' 'OMPLFLAGS=-lgomp' 'PPFLAGS=-cpp' 'FSTD_95=-std=f95' 'FSTD_2003=-std=f2003' 'FSTD_2008=-std=f2008' 'FSTD_2018=-std=f2018' 'MODULE_PREFIX=__' 'MODULE_INFIX=_MOD_' 'MODULE_SUFFIX=' 'CC=mpicc' 'CSTD=-std=c99' 'CFLAGS=-DFUNDERSC=1' 'FFLAGS+=-O0' 'default_to_be'

# 2026-07-06 22:15:11
mpiexec -n 1 ./src/start.x

# 2026-07-06 22:15:12
mpiexec -n 1 ./src/run.x

# 2026-07-06 22:16:03
/home/touko/pencil-code/bin/pc_build FFLAGS+=-O0
# make '-j' 'FFLAGS_DOUBLE=-fdefault-real-8 -fdefault-double-8' 'CFLAGS_DOUBLE=-DDOUBLE_PRECISION' 'LD_MPI=' 'CFLAGS_FFTW3=' 'FFLAGS_FFTW3=' 'LD_FFTW3=' 'CFLAGS_FFTW2=' 'FFLAGS_FFTW2=' 'LD_FFTW2=' 'FC=mpif90' 'F77=mpif77' 'FFLAGS=-O' 'LDFLAGS_HELPER=-dynamic' 'FFLAG_HEAP_ALLOC=-fmax-stack-var-size=512000 -fno-stack-arrays' 'OMPFFLAGS=-fopenmp' 'OMPLFLAGS=-lgomp' 'PPFLAGS=-cpp' 'FSTD_95=-std=f95' 'FSTD_2003=-std=f2003' 'FSTD_2008=-std=f2008' 'FSTD_2018=-std=f2018' 'MODULE_PREFIX=__' 'MODULE_INFIX=_MOD_' 'MODULE_SUFFIX=' 'CC=mpicc' 'CSTD=-std=c99' 'CFLAGS=-DFUNDERSC=1' 'FFLAGS+=-O0' 'default_to_be'

# 2026-07-06 22:16:54
mpiexec -n 1 ./src/start.x

# 2026-07-06 22:16:55
mpiexec -n 1 ./src/run.x

# 2026-07-06 22:18:19
/home/touko/pencil-code/bin/pc_build FFLAGS+=-O0
# make '-j' 'FFLAGS_DOUBLE=-fdefault-real-8 -fdefault-double-8' 'CFLAGS_DOUBLE=-DDOUBLE_PRECISION' 'LD_MPI=' 'CFLAGS_FFTW3=' 'FFLAGS_FFTW3=' 'LD_FFTW3=' 'CFLAGS_FFTW2=' 'FFLAGS_FFTW2=' 'LD_FFTW2=' 'FC=mpif90' 'F77=mpif77' 'FFLAGS=-O' 'LDFLAGS_HELPER=-dynamic' 'FFLAG_HEAP_ALLOC=-fmax-stack-var-size=512000 -fno-stack-arrays' 'OMPFFLAGS=-fopenmp' 'OMPLFLAGS=-lgomp' 'PPFLAGS=-cpp' 'FSTD_95=-std=f95' 'FSTD_2003=-std=f2003' 'FSTD_2008=-std=f2008' 'FSTD_2018=-std=f2018' 'MODULE_PREFIX=__' 'MODULE_INFIX=_MOD_' 'MODULE_SUFFIX=' 'CC=mpicc' 'CSTD=-std=c99' 'CFLAGS=-DFUNDERSC=1' 'FFLAGS+=-O0' 'default_to_be'

# 2026-07-06 22:18:52
/home/touko/pencil-code/bin/pc_build FFLAGS+=-O0
# make '-j' 'FFLAGS_DOUBLE=-fdefault-real-8 -fdefault-double-8' 'CFLAGS_DOUBLE=-DDOUBLE_PRECISION' 'LD_MPI=' 'CFLAGS_FFTW3=' 'FFLAGS_FFTW3=' 'LD_FFTW3=' 'CFLAGS_FFTW2=' 'FFLAGS_FFTW2=' 'LD_FFTW2=' 'FC=mpif90' 'F77=mpif77' 'FFLAGS=-O' 'LDFLAGS_HELPER=-dynamic' 'FFLAG_HEAP_ALLOC=-fmax-stack-var-size=512000 -fno-stack-arrays' 'OMPFFLAGS=-fopenmp' 'OMPLFLAGS=-lgomp' 'PPFLAGS=-cpp' 'FSTD_95=-std=f95' 'FSTD_2003=-std=f2003' 'FSTD_2008=-std=f2008' 'FSTD_2018=-std=f2018' 'MODULE_PREFIX=__' 'MODULE_INFIX=_MOD_' 'MODULE_SUFFIX=' 'CC=mpicc' 'CSTD=-std=c99' 'CFLAGS=-DFUNDERSC=1' 'FFLAGS+=-O0' 'default_to_be'

# 2026-07-06 22:23:08
mpiexec -n 1 ./src/start.x

# 2026-07-06 22:23:11
mpiexec -n 1 ./src/run.x

# 2026-07-06 22:26:22
/home/touko/pencil-code/bin/pc_build FFLAGS+=-O0
# make '-j' 'FFLAGS_DOUBLE=-fdefault-real-8 -fdefault-double-8' 'CFLAGS_DOUBLE=-DDOUBLE_PRECISION' 'LD_MPI=' 'CFLAGS_FFTW3=' 'FFLAGS_FFTW3=' 'LD_FFTW3=' 'CFLAGS_FFTW2=' 'FFLAGS_FFTW2=' 'LD_FFTW2=' 'FC=mpif90' 'F77=mpif77' 'FFLAGS=-O' 'LDFLAGS_HELPER=-dynamic' 'FFLAG_HEAP_ALLOC=-fmax-stack-var-size=512000 -fno-stack-arrays' 'OMPFFLAGS=-fopenmp' 'OMPLFLAGS=-lgomp' 'PPFLAGS=-cpp' 'FSTD_95=-std=f95' 'FSTD_2003=-std=f2003' 'FSTD_2008=-std=f2008' 'FSTD_2018=-std=f2018' 'MODULE_PREFIX=__' 'MODULE_INFIX=_MOD_' 'MODULE_SUFFIX=' 'CC=mpicc' 'CSTD=-std=c99' 'CFLAGS=-DFUNDERSC=1' 'FFLAGS+=-O0' 'default_to_be'

# 2026-07-06 22:27:57
/home/touko/pencil-code/bin/pc_build FFLAGS+=-O0
# make '-j' 'FFLAGS_DOUBLE=-fdefault-real-8 -fdefault-double-8' 'CFLAGS_DOUBLE=-DDOUBLE_PRECISION' 'LD_MPI=' 'CFLAGS_FFTW3=' 'FFLAGS_FFTW3=' 'LD_FFTW3=' 'CFLAGS_FFTW2=' 'FFLAGS_FFTW2=' 'LD_FFTW2=' 'FC=mpif90' 'F77=mpif77' 'FFLAGS=-O' 'LDFLAGS_HELPER=-dynamic' 'FFLAG_HEAP_ALLOC=-fmax-stack-var-size=512000 -fno-stack-arrays' 'OMPFFLAGS=-fopenmp' 'OMPLFLAGS=-lgomp' 'PPFLAGS=-cpp' 'FSTD_95=-std=f95' 'FSTD_2003=-std=f2003' 'FSTD_2008=-std=f2008' 'FSTD_2018=-std=f2018' 'MODULE_PREFIX=__' 'MODULE_INFIX=_MOD_' 'MODULE_SUFFIX=' 'CC=mpicc' 'CSTD=-std=c99' 'CFLAGS=-DFUNDERSC=1' 'FFLAGS+=-O0' 'default_to_be'

# 2026-07-06 22:29:01
/home/touko/pencil-code/bin/pc_build FFLAGS+=-O0
# make '-j' 'FFLAGS_DOUBLE=-fdefault-real-8 -fdefault-double-8' 'CFLAGS_DOUBLE=-DDOUBLE_PRECISION' 'LD_MPI=' 'CFLAGS_FFTW3=' 'FFLAGS_FFTW3=' 'LD_FFTW3=' 'CFLAGS_FFTW2=' 'FFLAGS_FFTW2=' 'LD_FFTW2=' 'FC=mpif90' 'F77=mpif77' 'FFLAGS=-O' 'LDFLAGS_HELPER=-dynamic' 'FFLAG_HEAP_ALLOC=-fmax-stack-var-size=512000 -fno-stack-arrays' 'OMPFFLAGS=-fopenmp' 'OMPLFLAGS=-lgomp' 'PPFLAGS=-cpp' 'FSTD_95=-std=f95' 'FSTD_2003=-std=f2003' 'FSTD_2008=-std=f2008' 'FSTD_2018=-std=f2018' 'MODULE_PREFIX=__' 'MODULE_INFIX=_MOD_' 'MODULE_SUFFIX=' 'CC=mpicc' 'CSTD=-std=c99' 'CFLAGS=-DFUNDERSC=1' 'FFLAGS+=-O0' 'default_to_be'

# 2026-07-06 22:30:00
/home/touko/pencil-code/bin/pc_build FFLAGS+=-O0
# make '-j' 'FFLAGS_DOUBLE=-fdefault-real-8 -fdefault-double-8' 'CFLAGS_DOUBLE=-DDOUBLE_PRECISION' 'LD_MPI=' 'CFLAGS_FFTW3=' 'FFLAGS_FFTW3=' 'LD_FFTW3=' 'CFLAGS_FFTW2=' 'FFLAGS_FFTW2=' 'LD_FFTW2=' 'FC=mpif90' 'F77=mpif77' 'FFLAGS=-O' 'LDFLAGS_HELPER=-dynamic' 'FFLAG_HEAP_ALLOC=-fmax-stack-var-size=512000 -fno-stack-arrays' 'OMPFFLAGS=-fopenmp' 'OMPLFLAGS=-lgomp' 'PPFLAGS=-cpp' 'FSTD_95=-std=f95' 'FSTD_2003=-std=f2003' 'FSTD_2008=-std=f2008' 'FSTD_2018=-std=f2018' 'MODULE_PREFIX=__' 'MODULE_INFIX=_MOD_' 'MODULE_SUFFIX=' 'CC=mpicc' 'CSTD=-std=c99' 'CFLAGS=-DFUNDERSC=1' 'FFLAGS+=-O0' 'default_to_be'

# 2026-07-06 22:30:42
mpiexec -n 1 ./src/start.x

# 2026-07-06 22:30:43
mpiexec -n 1 ./src/run.x

# 2026-07-06 22:32:22
mpiexec -n 1 ./src/start.x

# 2026-07-06 22:32:23
mpiexec -n 1 ./src/run.x

# 2026-07-06 22:40:58
/home/touko/pencil-code/bin/pc_build FFLAGS+=-O0
# make '-j' 'FFLAGS_DOUBLE=-fdefault-real-8 -fdefault-double-8' 'CFLAGS_DOUBLE=-DDOUBLE_PRECISION' 'LD_MPI=' 'CFLAGS_FFTW3=' 'FFLAGS_FFTW3=' 'LD_FFTW3=' 'CFLAGS_FFTW2=' 'FFLAGS_FFTW2=' 'LD_FFTW2=' 'FC=mpif90' 'F77=mpif77' 'FFLAGS=-O' 'LDFLAGS_HELPER=-dynamic' 'FFLAG_HEAP_ALLOC=-fmax-stack-var-size=512000 -fno-stack-arrays' 'OMPFFLAGS=-fopenmp' 'OMPLFLAGS=-lgomp' 'PPFLAGS=-cpp' 'FSTD_95=-std=f95' 'FSTD_2003=-std=f2003' 'FSTD_2008=-std=f2008' 'FSTD_2018=-std=f2018' 'MODULE_PREFIX=__' 'MODULE_INFIX=_MOD_' 'MODULE_SUFFIX=' 'CC=mpicc' 'CSTD=-std=c99' 'CFLAGS=-DFUNDERSC=1' 'FFLAGS+=-O0' 'default_to_be'

# 2026-07-06 22:42:31
/home/touko/pencil-code/bin/pc_build FFLAGS+=-O0
# make '-j' 'FFLAGS_DOUBLE=-fdefault-real-8 -fdefault-double-8' 'CFLAGS_DOUBLE=-DDOUBLE_PRECISION' 'LD_MPI=' 'CFLAGS_FFTW3=' 'FFLAGS_FFTW3=' 'LD_FFTW3=' 'CFLAGS_FFTW2=' 'FFLAGS_FFTW2=' 'LD_FFTW2=' 'FC=mpif90' 'F77=mpif77' 'FFLAGS=-O' 'LDFLAGS_HELPER=-dynamic' 'FFLAG_HEAP_ALLOC=-fmax-stack-var-size=512000 -fno-stack-arrays' 'OMPFFLAGS=-fopenmp' 'OMPLFLAGS=-lgomp' 'PPFLAGS=-cpp' 'FSTD_95=-std=f95' 'FSTD_2003=-std=f2003' 'FSTD_2008=-std=f2008' 'FSTD_2018=-std=f2018' 'MODULE_PREFIX=__' 'MODULE_INFIX=_MOD_' 'MODULE_SUFFIX=' 'CC=mpicc' 'CSTD=-std=c99' 'CFLAGS=-DFUNDERSC=1' 'FFLAGS+=-O0' 'default_to_be'

# 2026-07-06 22:43:50
mpiexec -n 1 ./src/start.x

# 2026-07-06 22:43:51
mpiexec -n 1 ./src/run.x

# 2026-07-06 22:46:31
/home/touko/pencil-code/bin/pc_build FFLAGS+=-O0
# make '-j' 'FFLAGS_DOUBLE=-fdefault-real-8 -fdefault-double-8' 'CFLAGS_DOUBLE=-DDOUBLE_PRECISION' 'LD_MPI=' 'CFLAGS_FFTW3=' 'FFLAGS_FFTW3=' 'LD_FFTW3=' 'CFLAGS_FFTW2=' 'FFLAGS_FFTW2=' 'LD_FFTW2=' 'FC=mpif90' 'F77=mpif77' 'FFLAGS=-O' 'LDFLAGS_HELPER=-dynamic' 'FFLAG_HEAP_ALLOC=-fmax-stack-var-size=512000 -fno-stack-arrays' 'OMPFFLAGS=-fopenmp' 'OMPLFLAGS=-lgomp' 'PPFLAGS=-cpp' 'FSTD_95=-std=f95' 'FSTD_2003=-std=f2003' 'FSTD_2008=-std=f2008' 'FSTD_2018=-std=f2018' 'MODULE_PREFIX=__' 'MODULE_INFIX=_MOD_' 'MODULE_SUFFIX=' 'CC=mpicc' 'CSTD=-std=c99' 'CFLAGS=-DFUNDERSC=1' 'FFLAGS+=-O0' 'default_to_be'

# 2026-07-06 22:47:54
mpiexec -n 1 ./src/start.x

# 2026-07-06 22:47:55
mpiexec -n 1 ./src/run.x

# 2026-07-06 22:48:29
mpiexec -n 1 ./src/start.x

# 2026-07-06 22:48:30
mpiexec -n 1 ./src/run.x

# 2026-07-07 11:32:22
/home/touko/pencil-code/bin/pc_build FFLAGS+=-O0
# make '-j' 'FFLAGS_DOUBLE=-fdefault-real-8 -fdefault-double-8' 'CFLAGS_DOUBLE=-DDOUBLE_PRECISION' 'LD_MPI=' 'CFLAGS_FFTW3=' 'FFLAGS_FFTW3=' 'LD_FFTW3=' 'CFLAGS_FFTW2=' 'FFLAGS_FFTW2=' 'LD_FFTW2=' 'FC=mpif90' 'F77=mpif77' 'FFLAGS=-O' 'LDFLAGS_HELPER=-dynamic' 'FFLAG_HEAP_ALLOC=-fmax-stack-var-size=512000 -fno-stack-arrays' 'OMPFFLAGS=-fopenmp' 'OMPLFLAGS=-lgomp' 'PPFLAGS=-cpp' 'FSTD_95=-std=f95' 'FSTD_2003=-std=f2003' 'FSTD_2008=-std=f2008' 'FSTD_2018=-std=f2018' 'MODULE_PREFIX=__' 'MODULE_INFIX=_MOD_' 'MODULE_SUFFIX=' 'CC=mpicc' 'CSTD=-std=c99' 'CFLAGS=-DFUNDERSC=1' 'FFLAGS+=-O0' 'default_to_be'

# 2026-07-07 11:34:18
mpiexec -n 1 ./src/start.x

# 2026-07-07 11:34:20
mpiexec -n 1 ./src/run.x

# 2026-07-07 11:36:27
mpiexec -n 1 ./src/start.x

# 2026-07-07 11:36:29
mpiexec -n 1 ./src/run.x

# 2026-07-07 11:40:09
mpiexec -n 1 ./src/run.x

# 2026-07-07 12:01:06
/home/touko/pencil-code/bin/pc_build FFLAGS+=-O0
# make '-j' 'FFLAGS_DOUBLE=-fdefault-real-8 -fdefault-double-8' 'CFLAGS_DOUBLE=-DDOUBLE_PRECISION' 'LD_MPI=' 'CFLAGS_FFTW3=' 'FFLAGS_FFTW3=' 'LD_FFTW3=' 'CFLAGS_FFTW2=' 'FFLAGS_FFTW2=' 'LD_FFTW2=' 'FC=mpif90' 'F77=mpif77' 'FFLAGS=-O' 'LDFLAGS_HELPER=-dynamic' 'FFLAG_HEAP_ALLOC=-fmax-stack-var-size=512000 -fno-stack-arrays' 'OMPFFLAGS=-fopenmp' 'OMPLFLAGS=-lgomp' 'PPFLAGS=-cpp' 'FSTD_95=-std=f95' 'FSTD_2003=-std=f2003' 'FSTD_2008=-std=f2008' 'FSTD_2018=-std=f2018' 'MODULE_PREFIX=__' 'MODULE_INFIX=_MOD_' 'MODULE_SUFFIX=' 'CC=mpicc' 'CSTD=-std=c99' 'CFLAGS=-DFUNDERSC=1' 'FFLAGS+=-O0' 'default_to_be'

# 2026-07-07 12:03:43
mpiexec -n 1 ./src/start.x

# 2026-07-07 12:03:45
mpiexec -n 1 ./src/run.x

# 2026-07-07 12:05:06
mpiexec -n 1 ./src/run.x

# 2026-07-07 12:09:41
mpiexec -n 1 ./src/start.x

# 2026-07-07 12:09:43
mpiexec -n 1 ./src/run.x

# 2026-07-07 12:12:38
mpiexec -n 1 ./src/run.x

# 2026-07-07 12:54:19
/home/touko/pencil-code/bin/pc_build FFLAGS+=-O0
# make '-j' 'FFLAGS_DOUBLE=-fdefault-real-8 -fdefault-double-8' 'CFLAGS_DOUBLE=-DDOUBLE_PRECISION' 'LD_MPI=' 'CFLAGS_FFTW3=' 'FFLAGS_FFTW3=' 'LD_FFTW3=' 'CFLAGS_FFTW2=' 'FFLAGS_FFTW2=' 'LD_FFTW2=' 'FC=mpif90' 'F77=mpif77' 'FFLAGS=-O' 'LDFLAGS_HELPER=-dynamic' 'FFLAG_HEAP_ALLOC=-fmax-stack-var-size=512000 -fno-stack-arrays' 'OMPFFLAGS=-fopenmp' 'OMPLFLAGS=-lgomp' 'PPFLAGS=-cpp' 'FSTD_95=-std=f95' 'FSTD_2003=-std=f2003' 'FSTD_2008=-std=f2008' 'FSTD_2018=-std=f2018' 'MODULE_PREFIX=__' 'MODULE_INFIX=_MOD_' 'MODULE_SUFFIX=' 'CC=mpicc' 'CSTD=-std=c99' 'CFLAGS=-DFUNDERSC=1' 'FFLAGS+=-O0' 'default_to_be'

# 2026-07-07 12:54:50
mpiexec -n 1 ./src/start.x

# 2026-07-07 12:54:51
mpiexec -n 1 ./src/run.x

# 2026-07-07 12:56:37
mpiexec -n 1 ./src/run.x

# 2026-07-07 12:57:06
mpiexec -n 1 ./src/run.x

# 2026-07-07 12:59:30
mpiexec -n 1 ./src/run.x

# 2026-07-07 12:59:38
mpiexec -n 1 ./src/start.x

# 2026-07-07 12:59:39
mpiexec -n 1 ./src/run.x

# 2026-07-07 13:01:05
# copied from '/home/touko/pencil-code/samples/stronger-coupling'

# 2026-07-07 13:01:16
mpiexec -n 1 ./src/start.x

# 2026-07-07 13:01:17
mpiexec -n 1 ./src/run.x

# 2026-07-07 13:04:28
mpiexec -n 1 ./src/run.x

# 2026-07-07 13:06:34
mpiexec -n 1 ./src/run.x

# 2026-07-07 13:08:59
mpiexec -n 1 ./src/run.x

# 2026-07-07 13:10:00
mpiexec -n 1 ./src/run.x

# 2026-07-07 13:19:27
# copied from '/home/touko/pencil-code/samples/c2'

# 2026-07-07 13:19:35
mpiexec -n 1 ./src/start.x

# 2026-07-07 13:19:36
mpiexec -n 1 ./src/run.x

# 2026-07-07 13:21:04
mpiexec -n 1 ./src/run.x

# 2026-07-07 13:21:28
mpiexec -n 1 ./src/run.x

# 2026-07-07 13:22:45
mpiexec -n 1 ./src/run.x

# 2026-07-07 13:23:07
mpiexec -n 1 ./src/run.x

# 2026-07-07 17:01:51
/home/touko/pencil-code/bin/pc_build FFLAGS+=-O0
# make '-j' 'FFLAGS_DOUBLE=-fdefault-real-8 -fdefault-double-8' 'CFLAGS_DOUBLE=-DDOUBLE_PRECISION' 'LD_MPI=' 'CFLAGS_FFTW3=' 'FFLAGS_FFTW3=' 'LD_FFTW3=' 'CFLAGS_FFTW2=' 'FFLAGS_FFTW2=' 'LD_FFTW2=' 'FC=mpif90' 'F77=mpif77' 'FFLAGS=-O' 'LDFLAGS_HELPER=-dynamic' 'FFLAG_HEAP_ALLOC=-fmax-stack-var-size=512000 -fno-stack-arrays' 'OMPFFLAGS=-fopenmp' 'OMPLFLAGS=-lgomp' 'PPFLAGS=-cpp' 'FSTD_95=-std=f95' 'FSTD_2003=-std=f2003' 'FSTD_2008=-std=f2008' 'FSTD_2018=-std=f2018' 'MODULE_PREFIX=__' 'MODULE_INFIX=_MOD_' 'MODULE_SUFFIX=' 'CC=mpicc' 'CSTD=-std=c99' 'CFLAGS=-DFUNDERSC=1' 'FFLAGS+=-O0' 'default_to_be'

# 2026-07-07 17:04:10
mpiexec -n 1 ./src/start.x

# 2026-07-07 17:04:11
mpiexec -n 1 ./src/run.x

# 2026-07-07 17:12:46
/home/touko/pencil-code/bin/pc_build FFLAGS+=-O0
# make '-j' 'FFLAGS_DOUBLE=-fdefault-real-8 -fdefault-double-8' 'CFLAGS_DOUBLE=-DDOUBLE_PRECISION' 'LD_MPI=' 'CFLAGS_FFTW3=' 'FFLAGS_FFTW3=' 'LD_FFTW3=' 'CFLAGS_FFTW2=' 'FFLAGS_FFTW2=' 'LD_FFTW2=' 'FC=mpif90' 'F77=mpif77' 'FFLAGS=-O' 'LDFLAGS_HELPER=-dynamic' 'FFLAG_HEAP_ALLOC=-fmax-stack-var-size=512000 -fno-stack-arrays' 'OMPFFLAGS=-fopenmp' 'OMPLFLAGS=-lgomp' 'PPFLAGS=-cpp' 'FSTD_95=-std=f95' 'FSTD_2003=-std=f2003' 'FSTD_2008=-std=f2008' 'FSTD_2018=-std=f2018' 'MODULE_PREFIX=__' 'MODULE_INFIX=_MOD_' 'MODULE_SUFFIX=' 'CC=mpicc' 'CSTD=-std=c99' 'CFLAGS=-DFUNDERSC=1' 'FFLAGS+=-O0' 'default_to_be'

# 2026-07-07 17:13:33
mpiexec -n 1 ./src/start.x

# 2026-07-07 17:13:34
mpiexec -n 1 ./src/run.x

# 2026-07-07 17:17:16
mpiexec -n 1 ./src/run.x

# 2026-07-07 17:18:01
mpiexec -n 1 ./src/start.x

# 2026-07-07 17:18:02
mpiexec -n 1 ./src/run.x

# 2026-07-07 17:19:59
mpiexec -n 1 ./src/start.x

# 2026-07-07 17:20:02
mpiexec -n 1 ./src/run.x

# 2026-07-07 17:20:38
mpiexec -n 1 ./src/run.x

# 2026-07-07 17:36:28
/home/touko/pencil-code/bin/pc_build FFLAGS+=-O0
# make '-j' 'FFLAGS_DOUBLE=-fdefault-real-8 -fdefault-double-8' 'CFLAGS_DOUBLE=-DDOUBLE_PRECISION' 'LD_MPI=' 'CFLAGS_FFTW3=' 'FFLAGS_FFTW3=' 'LD_FFTW3=' 'CFLAGS_FFTW2=' 'FFLAGS_FFTW2=' 'LD_FFTW2=' 'FC=mpif90' 'F77=mpif77' 'FFLAGS=-O' 'LDFLAGS_HELPER=-dynamic' 'FFLAG_HEAP_ALLOC=-fmax-stack-var-size=512000 -fno-stack-arrays' 'OMPFFLAGS=-fopenmp' 'OMPLFLAGS=-lgomp' 'PPFLAGS=-cpp' 'FSTD_95=-std=f95' 'FSTD_2003=-std=f2003' 'FSTD_2008=-std=f2008' 'FSTD_2018=-std=f2018' 'MODULE_PREFIX=__' 'MODULE_INFIX=_MOD_' 'MODULE_SUFFIX=' 'CC=mpicc' 'CSTD=-std=c99' 'CFLAGS=-DFUNDERSC=1' 'FFLAGS+=-O0' 'default_to_be'

# 2026-07-07 17:42:53
/home/touko/pencil-code/bin/pc_build FFLAGS+=-O0
# make '-j' 'FFLAGS_DOUBLE=-fdefault-real-8 -fdefault-double-8' 'CFLAGS_DOUBLE=-DDOUBLE_PRECISION' 'LD_MPI=' 'CFLAGS_FFTW3=' 'FFLAGS_FFTW3=' 'LD_FFTW3=' 'CFLAGS_FFTW2=' 'FFLAGS_FFTW2=' 'LD_FFTW2=' 'FC=mpif90' 'F77=mpif77' 'FFLAGS=-O' 'LDFLAGS_HELPER=-dynamic' 'FFLAG_HEAP_ALLOC=-fmax-stack-var-size=512000 -fno-stack-arrays' 'OMPFFLAGS=-fopenmp' 'OMPLFLAGS=-lgomp' 'PPFLAGS=-cpp' 'FSTD_95=-std=f95' 'FSTD_2003=-std=f2003' 'FSTD_2008=-std=f2008' 'FSTD_2018=-std=f2018' 'MODULE_PREFIX=__' 'MODULE_INFIX=_MOD_' 'MODULE_SUFFIX=' 'CC=mpicc' 'CSTD=-std=c99' 'CFLAGS=-DFUNDERSC=1' 'FFLAGS+=-O0' 'default_to_be'

# 2026-07-07 17:44:34
/home/touko/pencil-code/bin/pc_build FFLAGS+=-O0
# make '-j' 'FFLAGS_DOUBLE=-fdefault-real-8 -fdefault-double-8' 'CFLAGS_DOUBLE=-DDOUBLE_PRECISION' 'LD_MPI=' 'CFLAGS_FFTW3=' 'FFLAGS_FFTW3=' 'LD_FFTW3=' 'CFLAGS_FFTW2=' 'FFLAGS_FFTW2=' 'LD_FFTW2=' 'FC=mpif90' 'F77=mpif77' 'FFLAGS=-O' 'LDFLAGS_HELPER=-dynamic' 'FFLAG_HEAP_ALLOC=-fmax-stack-var-size=512000 -fno-stack-arrays' 'OMPFFLAGS=-fopenmp' 'OMPLFLAGS=-lgomp' 'PPFLAGS=-cpp' 'FSTD_95=-std=f95' 'FSTD_2003=-std=f2003' 'FSTD_2008=-std=f2008' 'FSTD_2018=-std=f2018' 'MODULE_PREFIX=__' 'MODULE_INFIX=_MOD_' 'MODULE_SUFFIX=' 'CC=mpicc' 'CSTD=-std=c99' 'CFLAGS=-DFUNDERSC=1' 'FFLAGS+=-O0' 'default_to_be'

# 2026-07-07 17:45:56
/home/touko/pencil-code/bin/pc_build FFLAGS+=-O0
# make '-j' 'FFLAGS_DOUBLE=-fdefault-real-8 -fdefault-double-8' 'CFLAGS_DOUBLE=-DDOUBLE_PRECISION' 'LD_MPI=' 'CFLAGS_FFTW3=' 'FFLAGS_FFTW3=' 'LD_FFTW3=' 'CFLAGS_FFTW2=' 'FFLAGS_FFTW2=' 'LD_FFTW2=' 'FC=mpif90' 'F77=mpif77' 'FFLAGS=-O' 'LDFLAGS_HELPER=-dynamic' 'FFLAG_HEAP_ALLOC=-fmax-stack-var-size=512000 -fno-stack-arrays' 'OMPFFLAGS=-fopenmp' 'OMPLFLAGS=-lgomp' 'PPFLAGS=-cpp' 'FSTD_95=-std=f95' 'FSTD_2003=-std=f2003' 'FSTD_2008=-std=f2008' 'FSTD_2018=-std=f2018' 'MODULE_PREFIX=__' 'MODULE_INFIX=_MOD_' 'MODULE_SUFFIX=' 'CC=mpicc' 'CSTD=-std=c99' 'CFLAGS=-DFUNDERSC=1' 'FFLAGS+=-O0' 'default_to_be'

# 2026-07-07 17:48:29
mpiexec -n 1 ./src/start.x

# 2026-07-07 17:48:30
mpiexec -n 1 ./src/run.x

# 2026-07-07 17:48:58
/home/touko/pencil-code/bin/pc_build FFLAGS+=-O0
# make '-j' 'FFLAGS_DOUBLE=-fdefault-real-8 -fdefault-double-8' 'CFLAGS_DOUBLE=-DDOUBLE_PRECISION' 'LD_MPI=' 'CFLAGS_FFTW3=' 'FFLAGS_FFTW3=' 'LD_FFTW3=' 'CFLAGS_FFTW2=' 'FFLAGS_FFTW2=' 'LD_FFTW2=' 'FC=mpif90' 'F77=mpif77' 'FFLAGS=-O' 'LDFLAGS_HELPER=-dynamic' 'FFLAG_HEAP_ALLOC=-fmax-stack-var-size=512000 -fno-stack-arrays' 'OMPFFLAGS=-fopenmp' 'OMPLFLAGS=-lgomp' 'PPFLAGS=-cpp' 'FSTD_95=-std=f95' 'FSTD_2003=-std=f2003' 'FSTD_2008=-std=f2008' 'FSTD_2018=-std=f2018' 'MODULE_PREFIX=__' 'MODULE_INFIX=_MOD_' 'MODULE_SUFFIX=' 'CC=mpicc' 'CSTD=-std=c99' 'CFLAGS=-DFUNDERSC=1' 'FFLAGS+=-O0' 'default_to_be'

# 2026-07-07 17:50:23
mpiexec -n 1 ./src/start.x

# 2026-07-07 17:50:24
mpiexec -n 1 ./src/run.x

# 2026-07-07 17:52:02
mpiexec -n 1 ./src/start.x

# 2026-07-07 17:52:05
mpiexec -n 1 ./src/run.x

# 2026-07-07 17:52:59
mpiexec -n 1 ./src/run.x

# 2026-07-07 17:54:38
/home/touko/pencil-code/bin/pc_build FFLAGS+=-O0
# make '-j' 'FFLAGS_DOUBLE=-fdefault-real-8 -fdefault-double-8' 'CFLAGS_DOUBLE=-DDOUBLE_PRECISION' 'LD_MPI=' 'CFLAGS_FFTW3=' 'FFLAGS_FFTW3=' 'LD_FFTW3=' 'CFLAGS_FFTW2=' 'FFLAGS_FFTW2=' 'LD_FFTW2=' 'FC=mpif90' 'F77=mpif77' 'FFLAGS=-O' 'LDFLAGS_HELPER=-dynamic' 'FFLAG_HEAP_ALLOC=-fmax-stack-var-size=512000 -fno-stack-arrays' 'OMPFFLAGS=-fopenmp' 'OMPLFLAGS=-lgomp' 'PPFLAGS=-cpp' 'FSTD_95=-std=f95' 'FSTD_2003=-std=f2003' 'FSTD_2008=-std=f2008' 'FSTD_2018=-std=f2018' 'MODULE_PREFIX=__' 'MODULE_INFIX=_MOD_' 'MODULE_SUFFIX=' 'CC=mpicc' 'CSTD=-std=c99' 'CFLAGS=-DFUNDERSC=1' 'FFLAGS+=-O0' 'default_to_be'

# 2026-07-07 17:55:31
mpiexec -n 1 ./src/start.x

# 2026-07-07 17:55:32
mpiexec -n 1 ./src/run.x

# 2026-07-07 17:56:06
mpiexec -n 1 ./src/start.x

# 2026-07-07 17:56:07
mpiexec -n 1 ./src/run.x

# 2026-07-07 18:08:10
mpiexec -n 1 ./src/start.x

# 2026-07-07 18:08:12
mpiexec -n 1 ./src/run.x

# 2026-07-07 18:09:13
mpiexec -n 1 ./src/start.x

# 2026-07-07 18:09:15
mpiexec -n 1 ./src/run.x

# 2026-07-07 18:20:37
mpiexec -n 1 ./src/start.x

# 2026-07-07 18:20:38
mpiexec -n 1 ./src/run.x

# 2026-07-07 18:21:20
mpiexec -n 1 ./src/start.x

# 2026-07-07 18:21:21
mpiexec -n 1 ./src/run.x

# 2026-07-07 18:21:27
mpiexec -n 1 ./src/start.x

# 2026-07-07 18:22:06
mpiexec -n 1 ./src/start.x

# 2026-07-07 18:22:07
mpiexec -n 1 ./src/run.x

# 2026-07-07 18:24:29
mpiexec -n 1 ./src/start.x

# 2026-07-07 18:26:35
/home/touko/pencil-code/bin/pc_build FFLAGS+=-O0
# make '-j' 'FFLAGS_DOUBLE=-fdefault-real-8 -fdefault-double-8' 'CFLAGS_DOUBLE=-DDOUBLE_PRECISION' 'LD_MPI=' 'CFLAGS_FFTW3=' 'FFLAGS_FFTW3=' 'LD_FFTW3=' 'CFLAGS_FFTW2=' 'FFLAGS_FFTW2=' 'LD_FFTW2=' 'FC=mpif90' 'F77=mpif77' 'FFLAGS=-O' 'LDFLAGS_HELPER=-dynamic' 'FFLAG_HEAP_ALLOC=-fmax-stack-var-size=512000 -fno-stack-arrays' 'OMPFFLAGS=-fopenmp' 'OMPLFLAGS=-lgomp' 'PPFLAGS=-cpp' 'FSTD_95=-std=f95' 'FSTD_2003=-std=f2003' 'FSTD_2008=-std=f2008' 'FSTD_2018=-std=f2018' 'MODULE_PREFIX=__' 'MODULE_INFIX=_MOD_' 'MODULE_SUFFIX=' 'CC=mpicc' 'CSTD=-std=c99' 'CFLAGS=-DFUNDERSC=1' 'FFLAGS+=-O0' 'default_to_be'

# 2026-07-07 18:27:17
/home/touko/pencil-code/bin/pc_build FFLAGS+=-O0
# make '-j' 'FFLAGS_DOUBLE=-fdefault-real-8 -fdefault-double-8' 'CFLAGS_DOUBLE=-DDOUBLE_PRECISION' 'LD_MPI=' 'CFLAGS_FFTW3=' 'FFLAGS_FFTW3=' 'LD_FFTW3=' 'CFLAGS_FFTW2=' 'FFLAGS_FFTW2=' 'LD_FFTW2=' 'FC=mpif90' 'F77=mpif77' 'FFLAGS=-O' 'LDFLAGS_HELPER=-dynamic' 'FFLAG_HEAP_ALLOC=-fmax-stack-var-size=512000 -fno-stack-arrays' 'OMPFFLAGS=-fopenmp' 'OMPLFLAGS=-lgomp' 'PPFLAGS=-cpp' 'FSTD_95=-std=f95' 'FSTD_2003=-std=f2003' 'FSTD_2008=-std=f2008' 'FSTD_2018=-std=f2018' 'MODULE_PREFIX=__' 'MODULE_INFIX=_MOD_' 'MODULE_SUFFIX=' 'CC=mpicc' 'CSTD=-std=c99' 'CFLAGS=-DFUNDERSC=1' 'FFLAGS+=-O0' 'default_to_be'

# 2026-07-07 18:28:17
mpiexec -n 1 ./src/start.x

# 2026-07-07 18:28:18
mpiexec -n 1 ./src/run.x

# 2026-07-07 18:29:17
mpiexec -n 1 ./src/start.x

# 2026-07-07 18:29:19
mpiexec -n 1 ./src/run.x

# 2026-07-07 18:31:17
mpiexec -n 1 ./src/start.x

# 2026-07-07 18:31:19
mpiexec -n 1 ./src/run.x

# 2026-07-07 18:32:25
mpiexec -n 1 ./src/start.x

# 2026-07-07 18:32:26
mpiexec -n 1 ./src/run.x

# 2026-07-07 18:32:59
mpiexec -n 1 ./src/start.x

# 2026-07-07 18:33:00
mpiexec -n 1 ./src/run.x

# 2026-07-07 18:37:08
/home/touko/pencil-code/bin/pc_build FFLAGS+=-O0
# make '-j' 'FFLAGS_DOUBLE=-fdefault-real-8 -fdefault-double-8' 'CFLAGS_DOUBLE=-DDOUBLE_PRECISION' 'LD_MPI=' 'CFLAGS_FFTW3=' 'FFLAGS_FFTW3=' 'LD_FFTW3=' 'CFLAGS_FFTW2=' 'FFLAGS_FFTW2=' 'LD_FFTW2=' 'FC=mpif90' 'F77=mpif77' 'FFLAGS=-O' 'LDFLAGS_HELPER=-dynamic' 'FFLAG_HEAP_ALLOC=-fmax-stack-var-size=512000 -fno-stack-arrays' 'OMPFFLAGS=-fopenmp' 'OMPLFLAGS=-lgomp' 'PPFLAGS=-cpp' 'FSTD_95=-std=f95' 'FSTD_2003=-std=f2003' 'FSTD_2008=-std=f2008' 'FSTD_2018=-std=f2018' 'MODULE_PREFIX=__' 'MODULE_INFIX=_MOD_' 'MODULE_SUFFIX=' 'CC=mpicc' 'CSTD=-std=c99' 'CFLAGS=-DFUNDERSC=1' 'FFLAGS+=-O0' 'default_to_be'

# 2026-07-07 18:37:52
mpiexec -n 1 ./src/start.x

# 2026-07-07 18:37:53
mpiexec -n 1 ./src/run.x

# 2026-07-07 18:38:22
mpiexec -n 1 ./src/start.x

# 2026-07-07 18:38:24
mpiexec -n 1 ./src/run.x

# 2026-07-07 18:40:02
mpiexec -n 1 ./src/run.x

# 2026-07-07 18:40:28
mpiexec -n 1 ./src/start.x

# 2026-07-07 18:40:29
mpiexec -n 1 ./src/run.x

# 2026-07-07 18:40:47
mpiexec -n 1 ./src/run.x

# 2026-07-07 18:41:05
mpiexec -n 1 ./src/run.x

# 2026-07-07 18:41:18
mpiexec -n 1 ./src/run.x

# 2026-07-07 18:45:04
mpiexec -n 1 ./src/start.x

# 2026-07-07 18:45:05
mpiexec -n 1 ./src/run.x

# 2026-07-07 18:45:24
mpiexec -n 1 ./src/start.x

# 2026-07-07 18:45:26
mpiexec -n 1 ./src/run.x

# 2026-07-07 18:45:46
mpiexec -n 1 ./src/start.x

# 2026-07-07 18:45:48
mpiexec -n 1 ./src/run.x

# 2026-07-07 18:51:40
mpiexec -n 1 ./src/start.x

# 2026-07-07 18:51:45
mpiexec -n 1 ./src/start.x

# 2026-07-07 18:51:47
mpiexec -n 1 ./src/run.x

# 2026-07-07 18:52:27
mpiexec -n 1 ./src/start.x

# 2026-07-07 18:52:29
mpiexec -n 1 ./src/run.x

# 2026-07-07 18:52:58
mpiexec -n 1 ./src/start.x

# 2026-07-07 18:52:59
mpiexec -n 1 ./src/run.x

# 2026-07-07 18:55:19
mpiexec -n 1 ./src/run.x

# 2026-07-07 18:58:06
mpiexec -n 1 ./src/start.x

# 2026-07-07 18:58:07
mpiexec -n 1 ./src/run.x

# 2026-07-07 18:58:45
mpiexec -n 1 ./src/start.x

# 2026-07-07 18:58:46
mpiexec -n 1 ./src/run.x

# 2026-07-07 18:59:55
mpiexec -n 1 ./src/start.x

# 2026-07-07 18:59:57
mpiexec -n 1 ./src/run.x

# 2026-07-07 19:10:52
/home/touko/pencil-code/bin/pc_build FFLAGS+=-O0
# make '-j' 'FFLAGS_DOUBLE=-fdefault-real-8 -fdefault-double-8' 'CFLAGS_DOUBLE=-DDOUBLE_PRECISION' 'LD_MPI=' 'CFLAGS_FFTW3=' 'FFLAGS_FFTW3=' 'LD_FFTW3=' 'CFLAGS_FFTW2=' 'FFLAGS_FFTW2=' 'LD_FFTW2=' 'FC=mpif90' 'F77=mpif77' 'FFLAGS=-O' 'LDFLAGS_HELPER=-dynamic' 'FFLAG_HEAP_ALLOC=-fmax-stack-var-size=512000 -fno-stack-arrays' 'OMPFFLAGS=-fopenmp' 'OMPLFLAGS=-lgomp' 'PPFLAGS=-cpp' 'FSTD_95=-std=f95' 'FSTD_2003=-std=f2003' 'FSTD_2008=-std=f2008' 'FSTD_2018=-std=f2018' 'MODULE_PREFIX=__' 'MODULE_INFIX=_MOD_' 'MODULE_SUFFIX=' 'CC=mpicc' 'CSTD=-std=c99' 'CFLAGS=-DFUNDERSC=1' 'FFLAGS+=-O0' 'default_to_be'

# 2026-07-07 19:11:38
mpiexec -n 1 ./src/start.x

# 2026-07-07 19:11:39
mpiexec -n 1 ./src/run.x

# 2026-07-07 19:12:07
/home/touko/pencil-code/bin/pc_build FFLAGS+=-O0
# make '-j' 'FFLAGS_DOUBLE=-fdefault-real-8 -fdefault-double-8' 'CFLAGS_DOUBLE=-DDOUBLE_PRECISION' 'LD_MPI=' 'CFLAGS_FFTW3=' 'FFLAGS_FFTW3=' 'LD_FFTW3=' 'CFLAGS_FFTW2=' 'FFLAGS_FFTW2=' 'LD_FFTW2=' 'FC=mpif90' 'F77=mpif77' 'FFLAGS=-O' 'LDFLAGS_HELPER=-dynamic' 'FFLAG_HEAP_ALLOC=-fmax-stack-var-size=512000 -fno-stack-arrays' 'OMPFFLAGS=-fopenmp' 'OMPLFLAGS=-lgomp' 'PPFLAGS=-cpp' 'FSTD_95=-std=f95' 'FSTD_2003=-std=f2003' 'FSTD_2008=-std=f2008' 'FSTD_2018=-std=f2018' 'MODULE_PREFIX=__' 'MODULE_INFIX=_MOD_' 'MODULE_SUFFIX=' 'CC=mpicc' 'CSTD=-std=c99' 'CFLAGS=-DFUNDERSC=1' 'FFLAGS+=-O0' 'default_to_be'

# 2026-07-07 19:14:05
mpiexec -n 1 ./src/start.x

# 2026-07-07 19:14:08
mpiexec -n 1 ./src/run.x

# 2026-07-07 19:20:00
/home/touko/pencil-code/bin/pc_build FFLAGS+=-O0
# make '-j' 'FFLAGS_DOUBLE=-fdefault-real-8 -fdefault-double-8' 'CFLAGS_DOUBLE=-DDOUBLE_PRECISION' 'LD_MPI=' 'CFLAGS_FFTW3=' 'FFLAGS_FFTW3=' 'LD_FFTW3=' 'CFLAGS_FFTW2=' 'FFLAGS_FFTW2=' 'LD_FFTW2=' 'FC=mpif90' 'F77=mpif77' 'FFLAGS=-O' 'LDFLAGS_HELPER=-dynamic' 'FFLAG_HEAP_ALLOC=-fmax-stack-var-size=512000 -fno-stack-arrays' 'OMPFFLAGS=-fopenmp' 'OMPLFLAGS=-lgomp' 'PPFLAGS=-cpp' 'FSTD_95=-std=f95' 'FSTD_2003=-std=f2003' 'FSTD_2008=-std=f2008' 'FSTD_2018=-std=f2018' 'MODULE_PREFIX=__' 'MODULE_INFIX=_MOD_' 'MODULE_SUFFIX=' 'CC=mpicc' 'CSTD=-std=c99' 'CFLAGS=-DFUNDERSC=1' 'FFLAGS+=-O0' 'default_to_be'

# 2026-07-07 19:20:44
mpiexec -n 1 ./src/start.x

# 2026-07-07 19:20:46
mpiexec -n 1 ./src/run.x

# 2026-07-07 19:26:41
mpiexec -n 1 ./src/start.x

# 2026-07-07 19:26:42
mpiexec -n 1 ./src/run.x

# 2026-07-07 19:27:35
# copied from '/home/touko/pencil-code/samples/c5'

# 2026-07-07 19:28:46
/home/touko/pencil-code/bin/pc_build FFLAGS+=-O0
# make '-j' 'FFLAGS_DOUBLE=-fdefault-real-8 -fdefault-double-8' 'CFLAGS_DOUBLE=-DDOUBLE_PRECISION' 'LD_MPI=' 'CFLAGS_FFTW3=' 'FFLAGS_FFTW3=' 'LD_FFTW3=' 'CFLAGS_FFTW2=' 'FFLAGS_FFTW2=' 'LD_FFTW2=' 'FC=mpif90' 'F77=mpif77' 'FFLAGS=-O' 'LDFLAGS_HELPER=-dynamic' 'FFLAG_HEAP_ALLOC=-fmax-stack-var-size=512000 -fno-stack-arrays' 'OMPFFLAGS=-fopenmp' 'OMPLFLAGS=-lgomp' 'PPFLAGS=-cpp' 'FSTD_95=-std=f95' 'FSTD_2003=-std=f2003' 'FSTD_2008=-std=f2008' 'FSTD_2018=-std=f2018' 'MODULE_PREFIX=__' 'MODULE_INFIX=_MOD_' 'MODULE_SUFFIX=' 'CC=mpicc' 'CSTD=-std=c99' 'CFLAGS=-DFUNDERSC=1' 'FFLAGS+=-O0' 'default_to_be'

# 2026-07-07 19:30:50
mpiexec -n 1 ./src/start.x

# 2026-07-07 19:30:52
mpiexec -n 1 ./src/run.x

# 2026-07-07 19:31:44
mpiexec -n 1 ./src/start.x

# 2026-07-07 19:31:45
mpiexec -n 1 ./src/run.x

# 2026-07-07 21:07:16
/home/touko/pencil-code/bin/pc_build FFLAGS+=-O0
# make '-j' 'FFLAGS_DOUBLE=-fdefault-real-8 -fdefault-double-8' 'CFLAGS_DOUBLE=-DDOUBLE_PRECISION' 'LD_MPI=' 'CFLAGS_FFTW3=' 'FFLAGS_FFTW3=' 'LD_FFTW3=' 'CFLAGS_FFTW2=' 'FFLAGS_FFTW2=' 'LD_FFTW2=' 'FC=mpif90' 'F77=mpif77' 'FFLAGS=-O' 'LDFLAGS_HELPER=-dynamic' 'FFLAG_HEAP_ALLOC=-fmax-stack-var-size=512000 -fno-stack-arrays' 'OMPFFLAGS=-fopenmp' 'OMPLFLAGS=-lgomp' 'PPFLAGS=-cpp' 'FSTD_95=-std=f95' 'FSTD_2003=-std=f2003' 'FSTD_2008=-std=f2008' 'FSTD_2018=-std=f2018' 'MODULE_PREFIX=__' 'MODULE_INFIX=_MOD_' 'MODULE_SUFFIX=' 'CC=mpicc' 'CSTD=-std=c99' 'CFLAGS=-DFUNDERSC=1' 'FFLAGS+=-O0' 'default_to_be'

# 2026-07-07 21:08:00
mpiexec -n 1 ./src/start.x

# 2026-07-07 21:08:02
mpiexec -n 1 ./src/run.x

# 2026-07-07 21:10:45
/home/touko/pencil-code/bin/pc_build FFLAGS+=-O0
# make '-j' 'FFLAGS_DOUBLE=-fdefault-real-8 -fdefault-double-8' 'CFLAGS_DOUBLE=-DDOUBLE_PRECISION' 'LD_MPI=' 'CFLAGS_FFTW3=' 'FFLAGS_FFTW3=' 'LD_FFTW3=' 'CFLAGS_FFTW2=' 'FFLAGS_FFTW2=' 'LD_FFTW2=' 'FC=mpif90' 'F77=mpif77' 'FFLAGS=-O' 'LDFLAGS_HELPER=-dynamic' 'FFLAG_HEAP_ALLOC=-fmax-stack-var-size=512000 -fno-stack-arrays' 'OMPFFLAGS=-fopenmp' 'OMPLFLAGS=-lgomp' 'PPFLAGS=-cpp' 'FSTD_95=-std=f95' 'FSTD_2003=-std=f2003' 'FSTD_2008=-std=f2008' 'FSTD_2018=-std=f2018' 'MODULE_PREFIX=__' 'MODULE_INFIX=_MOD_' 'MODULE_SUFFIX=' 'CC=mpicc' 'CSTD=-std=c99' 'CFLAGS=-DFUNDERSC=1' 'FFLAGS+=-O0' 'default_to_be'

# 2026-07-07 21:11:28
mpiexec -n 1 ./src/start.x

# 2026-07-07 21:11:30
mpiexec -n 1 ./src/run.x

# 2026-07-07 21:17:04
mpiexec -n 1 ./src/start.x

# 2026-07-07 21:17:05
mpiexec -n 1 ./src/run.x

# 2026-07-07 21:17:48
mpiexec -n 1 ./src/run.x

# 2026-07-07 21:18:36
mpiexec -n 1 ./src/start.x

# 2026-07-07 21:18:38
mpiexec -n 1 ./src/run.x

# 2026-07-07 21:37:48
/home/touko/pencil-code/bin/pc_build FFLAGS+=-O0
# make '-j' 'FFLAGS_DOUBLE=-fdefault-real-8 -fdefault-double-8' 'CFLAGS_DOUBLE=-DDOUBLE_PRECISION' 'LD_MPI=' 'CFLAGS_FFTW3=' 'FFLAGS_FFTW3=' 'LD_FFTW3=' 'CFLAGS_FFTW2=' 'FFLAGS_FFTW2=' 'LD_FFTW2=' 'FC=mpif90' 'F77=mpif77' 'FFLAGS=-O' 'LDFLAGS_HELPER=-dynamic' 'FFLAG_HEAP_ALLOC=-fmax-stack-var-size=512000 -fno-stack-arrays' 'OMPFFLAGS=-fopenmp' 'OMPLFLAGS=-lgomp' 'PPFLAGS=-cpp' 'FSTD_95=-std=f95' 'FSTD_2003=-std=f2003' 'FSTD_2008=-std=f2008' 'FSTD_2018=-std=f2018' 'MODULE_PREFIX=__' 'MODULE_INFIX=_MOD_' 'MODULE_SUFFIX=' 'CC=mpicc' 'CSTD=-std=c99' 'CFLAGS=-DFUNDERSC=1' 'FFLAGS+=-O0' 'default_to_be'

# 2026-07-07 21:39:43
mpiexec -n 1 ./src/start.x

# 2026-07-07 21:39:44
mpiexec -n 1 ./src/run.x

# 2026-07-07 21:59:31
/home/touko/pencil-code/bin/pc_build FFLAGS+=-O0
# make '-j' 'FFLAGS_DOUBLE=-fdefault-real-8 -fdefault-double-8' 'CFLAGS_DOUBLE=-DDOUBLE_PRECISION' 'LD_MPI=' 'CFLAGS_FFTW3=' 'FFLAGS_FFTW3=' 'LD_FFTW3=' 'CFLAGS_FFTW2=' 'FFLAGS_FFTW2=' 'LD_FFTW2=' 'FC=mpif90' 'F77=mpif77' 'FFLAGS=-O' 'LDFLAGS_HELPER=-dynamic' 'FFLAG_HEAP_ALLOC=-fmax-stack-var-size=512000 -fno-stack-arrays' 'OMPFFLAGS=-fopenmp' 'OMPLFLAGS=-lgomp' 'PPFLAGS=-cpp' 'FSTD_95=-std=f95' 'FSTD_2003=-std=f2003' 'FSTD_2008=-std=f2008' 'FSTD_2018=-std=f2018' 'MODULE_PREFIX=__' 'MODULE_INFIX=_MOD_' 'MODULE_SUFFIX=' 'CC=mpicc' 'CSTD=-std=c99' 'CFLAGS=-DFUNDERSC=1' 'FFLAGS+=-O0' 'default_to_be'

# 2026-07-07 22:01:19
mpiexec -n 1 ./src/start.x

# 2026-07-07 22:01:22
mpiexec -n 1 ./src/run.x

# 2026-07-07 22:36:07
/home/touko/pencil-code/bin/pc_build FFLAGS+=-O0
# make '-j' 'FFLAGS_DOUBLE=-fdefault-real-8 -fdefault-double-8' 'CFLAGS_DOUBLE=-DDOUBLE_PRECISION' 'LD_MPI=' 'CFLAGS_FFTW3=' 'FFLAGS_FFTW3=' 'LD_FFTW3=' 'CFLAGS_FFTW2=' 'FFLAGS_FFTW2=' 'LD_FFTW2=' 'FC=mpif90' 'F77=mpif77' 'FFLAGS=-O' 'LDFLAGS_HELPER=-dynamic' 'FFLAG_HEAP_ALLOC=-fmax-stack-var-size=512000 -fno-stack-arrays' 'OMPFFLAGS=-fopenmp' 'OMPLFLAGS=-lgomp' 'PPFLAGS=-cpp' 'FSTD_95=-std=f95' 'FSTD_2003=-std=f2003' 'FSTD_2008=-std=f2008' 'FSTD_2018=-std=f2018' 'MODULE_PREFIX=__' 'MODULE_INFIX=_MOD_' 'MODULE_SUFFIX=' 'CC=mpicc' 'CSTD=-std=c99' 'CFLAGS=-DFUNDERSC=1' 'FFLAGS+=-O0' 'default_to_be'

# 2026-07-07 22:46:07
/home/touko/pencil-code/bin/pc_build FFLAGS+=-O0
# make '-j' 'FFLAGS_DOUBLE=-fdefault-real-8 -fdefault-double-8' 'CFLAGS_DOUBLE=-DDOUBLE_PRECISION' 'LD_MPI=' 'CFLAGS_FFTW3=' 'FFLAGS_FFTW3=' 'LD_FFTW3=' 'CFLAGS_FFTW2=' 'FFLAGS_FFTW2=' 'LD_FFTW2=' 'FC=mpif90' 'F77=mpif77' 'FFLAGS=-O' 'LDFLAGS_HELPER=-dynamic' 'FFLAG_HEAP_ALLOC=-fmax-stack-var-size=512000 -fno-stack-arrays' 'OMPFFLAGS=-fopenmp' 'OMPLFLAGS=-lgomp' 'PPFLAGS=-cpp' 'FSTD_95=-std=f95' 'FSTD_2003=-std=f2003' 'FSTD_2008=-std=f2008' 'FSTD_2018=-std=f2018' 'MODULE_PREFIX=__' 'MODULE_INFIX=_MOD_' 'MODULE_SUFFIX=' 'CC=mpicc' 'CSTD=-std=c99' 'CFLAGS=-DFUNDERSC=1' 'FFLAGS+=-O0' 'default_to_be'

# 2026-07-07 22:48:49
/home/touko/pencil-code/bin/pc_build FFLAGS+=-O0
# make '-j' 'FFLAGS_DOUBLE=-fdefault-real-8 -fdefault-double-8' 'CFLAGS_DOUBLE=-DDOUBLE_PRECISION' 'LD_MPI=' 'CFLAGS_FFTW3=' 'FFLAGS_FFTW3=' 'LD_FFTW3=' 'CFLAGS_FFTW2=' 'FFLAGS_FFTW2=' 'LD_FFTW2=' 'FC=mpif90' 'F77=mpif77' 'FFLAGS=-O' 'LDFLAGS_HELPER=-dynamic' 'FFLAG_HEAP_ALLOC=-fmax-stack-var-size=512000 -fno-stack-arrays' 'OMPFFLAGS=-fopenmp' 'OMPLFLAGS=-lgomp' 'PPFLAGS=-cpp' 'FSTD_95=-std=f95' 'FSTD_2003=-std=f2003' 'FSTD_2008=-std=f2008' 'FSTD_2018=-std=f2018' 'MODULE_PREFIX=__' 'MODULE_INFIX=_MOD_' 'MODULE_SUFFIX=' 'CC=mpicc' 'CSTD=-std=c99' 'CFLAGS=-DFUNDERSC=1' 'FFLAGS+=-O0' 'default_to_be'

# 2026-07-08 01:23:56
/home/touko/pencil-code/bin/pc_build FFLAGS+=-O0
# make '-j' 'FFLAGS_DOUBLE=-fdefault-real-8 -fdefault-double-8' 'CFLAGS_DOUBLE=-DDOUBLE_PRECISION' 'LD_MPI=' 'CFLAGS_FFTW3=' 'FFLAGS_FFTW3=' 'LD_FFTW3=' 'CFLAGS_FFTW2=' 'FFLAGS_FFTW2=' 'LD_FFTW2=' 'FC=mpif90' 'F77=mpif77' 'FFLAGS=-O' 'LDFLAGS_HELPER=-dynamic' 'FFLAG_HEAP_ALLOC=-fmax-stack-var-size=512000 -fno-stack-arrays' 'OMPFFLAGS=-fopenmp' 'OMPLFLAGS=-lgomp' 'PPFLAGS=-cpp' 'FSTD_95=-std=f95' 'FSTD_2003=-std=f2003' 'FSTD_2008=-std=f2008' 'FSTD_2018=-std=f2018' 'MODULE_PREFIX=__' 'MODULE_INFIX=_MOD_' 'MODULE_SUFFIX=' 'CC=mpicc' 'CSTD=-std=c99' 'CFLAGS=-DFUNDERSC=1' 'FFLAGS+=-O0' 'default_to_be'

# 2026-07-08 01:26:33
mpiexec -n 1 ./src/start.x

# 2026-07-08 01:26:34
mpiexec -n 1 ./src/run.x

# 2026-07-08 01:26:59
mpiexec -n 1 ./src/start.x

# 2026-07-08 01:27:00
mpiexec -n 1 ./src/run.x

# 2026-07-08 01:28:16
mpiexec -n 1 ./src/start.x

# 2026-07-08 01:35:13
/home/touko/pencil-code/bin/pc_build FFLAGS+=-O0
# make '-j' 'FFLAGS_DOUBLE=-fdefault-real-8 -fdefault-double-8' 'CFLAGS_DOUBLE=-DDOUBLE_PRECISION' 'LD_MPI=' 'CFLAGS_FFTW3=' 'FFLAGS_FFTW3=' 'LD_FFTW3=' 'CFLAGS_FFTW2=' 'FFLAGS_FFTW2=' 'LD_FFTW2=' 'FC=mpif90' 'F77=mpif77' 'FFLAGS=-O' 'LDFLAGS_HELPER=-dynamic' 'FFLAG_HEAP_ALLOC=-fmax-stack-var-size=512000 -fno-stack-arrays' 'OMPFFLAGS=-fopenmp' 'OMPLFLAGS=-lgomp' 'PPFLAGS=-cpp' 'FSTD_95=-std=f95' 'FSTD_2003=-std=f2003' 'FSTD_2008=-std=f2008' 'FSTD_2018=-std=f2018' 'MODULE_PREFIX=__' 'MODULE_INFIX=_MOD_' 'MODULE_SUFFIX=' 'CC=mpicc' 'CSTD=-std=c99' 'CFLAGS=-DFUNDERSC=1' 'FFLAGS+=-O0' 'default_to_be'

# 2026-07-08 01:35:54
mpiexec -n 1 ./src/start.x

# 2026-07-08 01:35:56
mpiexec -n 1 ./src/run.x

# 2026-07-08 01:37:18
/home/touko/pencil-code/bin/pc_build FFLAGS+=-O0
# make '-j' 'FFLAGS_DOUBLE=-fdefault-real-8 -fdefault-double-8' 'CFLAGS_DOUBLE=-DDOUBLE_PRECISION' 'LD_MPI=' 'CFLAGS_FFTW3=' 'FFLAGS_FFTW3=' 'LD_FFTW3=' 'CFLAGS_FFTW2=' 'FFLAGS_FFTW2=' 'LD_FFTW2=' 'FC=mpif90' 'F77=mpif77' 'FFLAGS=-O' 'LDFLAGS_HELPER=-dynamic' 'FFLAG_HEAP_ALLOC=-fmax-stack-var-size=512000 -fno-stack-arrays' 'OMPFFLAGS=-fopenmp' 'OMPLFLAGS=-lgomp' 'PPFLAGS=-cpp' 'FSTD_95=-std=f95' 'FSTD_2003=-std=f2003' 'FSTD_2008=-std=f2008' 'FSTD_2018=-std=f2018' 'MODULE_PREFIX=__' 'MODULE_INFIX=_MOD_' 'MODULE_SUFFIX=' 'CC=mpicc' 'CSTD=-std=c99' 'CFLAGS=-DFUNDERSC=1' 'FFLAGS+=-O0' 'default_to_be'

# 2026-07-08 01:38:00
mpiexec -n 1 ./src/start.x

# 2026-07-08 01:39:44
/home/touko/pencil-code/bin/pc_build FFLAGS+=-O0
# make '-j' 'FFLAGS_DOUBLE=-fdefault-real-8 -fdefault-double-8' 'CFLAGS_DOUBLE=-DDOUBLE_PRECISION' 'LD_MPI=' 'CFLAGS_FFTW3=' 'FFLAGS_FFTW3=' 'LD_FFTW3=' 'CFLAGS_FFTW2=' 'FFLAGS_FFTW2=' 'LD_FFTW2=' 'FC=mpif90' 'F77=mpif77' 'FFLAGS=-O' 'LDFLAGS_HELPER=-dynamic' 'FFLAG_HEAP_ALLOC=-fmax-stack-var-size=512000 -fno-stack-arrays' 'OMPFFLAGS=-fopenmp' 'OMPLFLAGS=-lgomp' 'PPFLAGS=-cpp' 'FSTD_95=-std=f95' 'FSTD_2003=-std=f2003' 'FSTD_2008=-std=f2008' 'FSTD_2018=-std=f2018' 'MODULE_PREFIX=__' 'MODULE_INFIX=_MOD_' 'MODULE_SUFFIX=' 'CC=mpicc' 'CSTD=-std=c99' 'CFLAGS=-DFUNDERSC=1' 'FFLAGS+=-O0' 'default_to_be'

# 2026-07-08 01:40:30
mpiexec -n 1 ./src/start.x

# 2026-07-08 01:42:01
/home/touko/pencil-code/bin/pc_build FFLAGS+=-O0
# make '-j' 'FFLAGS_DOUBLE=-fdefault-real-8 -fdefault-double-8' 'CFLAGS_DOUBLE=-DDOUBLE_PRECISION' 'LD_MPI=' 'CFLAGS_FFTW3=' 'FFLAGS_FFTW3=' 'LD_FFTW3=' 'CFLAGS_FFTW2=' 'FFLAGS_FFTW2=' 'LD_FFTW2=' 'FC=mpif90' 'F77=mpif77' 'FFLAGS=-O' 'LDFLAGS_HELPER=-dynamic' 'FFLAG_HEAP_ALLOC=-fmax-stack-var-size=512000 -fno-stack-arrays' 'OMPFFLAGS=-fopenmp' 'OMPLFLAGS=-lgomp' 'PPFLAGS=-cpp' 'FSTD_95=-std=f95' 'FSTD_2003=-std=f2003' 'FSTD_2008=-std=f2008' 'FSTD_2018=-std=f2018' 'MODULE_PREFIX=__' 'MODULE_INFIX=_MOD_' 'MODULE_SUFFIX=' 'CC=mpicc' 'CSTD=-std=c99' 'CFLAGS=-DFUNDERSC=1' 'FFLAGS+=-O0' 'default_to_be'

# 2026-07-08 01:45:22
mpiexec -n 1 ./src/start.x

# 2026-07-08 01:45:23
mpiexec -n 1 ./src/run.x

# 2026-07-08 01:45:30
mpiexec -n 1 ./src/start.x

# 2026-07-08 01:45:46
mpiexec -n 1 ./src/run.x

# 2026-07-08 01:45:51
mpiexec -n 1 ./src/start.x

# 2026-07-08 01:46:49
mpiexec -n 1 ./src/start.x

# 2026-07-08 01:46:52
mpiexec -n 1 ./src/run.x

# 2026-07-08 05:12:57
/home/touko/pencil-code/bin/pc_build FFLAGS+=-O0
# make '-j' 'FFLAGS_DOUBLE=-fdefault-real-8 -fdefault-double-8' 'CFLAGS_DOUBLE=-DDOUBLE_PRECISION' 'LD_MPI=' 'CFLAGS_FFTW3=' 'FFLAGS_FFTW3=' 'LD_FFTW3=' 'CFLAGS_FFTW2=' 'FFLAGS_FFTW2=' 'LD_FFTW2=' 'FC=mpif90' 'F77=mpif77' 'FFLAGS=-O' 'LDFLAGS_HELPER=-dynamic' 'FFLAG_HEAP_ALLOC=-fmax-stack-var-size=512000 -fno-stack-arrays' 'OMPFFLAGS=-fopenmp' 'OMPLFLAGS=-lgomp' 'PPFLAGS=-cpp' 'FSTD_95=-std=f95' 'FSTD_2003=-std=f2003' 'FSTD_2008=-std=f2008' 'FSTD_2018=-std=f2018' 'MODULE_PREFIX=__' 'MODULE_INFIX=_MOD_' 'MODULE_SUFFIX=' 'CC=mpicc' 'CSTD=-std=c99' 'CFLAGS=-DFUNDERSC=1' 'FFLAGS+=-O0' 'default_to_be'

# 2026-07-08 05:16:21
mpiexec -n 1 ./src/start.x

# 2026-07-08 05:16:24
mpiexec -n 1 ./src/run.x

# 2026-07-08 05:40:27
/home/touko/pencil-code/bin/pc_build FFLAGS+=-O0
# make '-j' 'FFLAGS_DOUBLE=-fdefault-real-8 -fdefault-double-8' 'CFLAGS_DOUBLE=-DDOUBLE_PRECISION' 'LD_MPI=' 'CFLAGS_FFTW3=' 'FFLAGS_FFTW3=' 'LD_FFTW3=' 'CFLAGS_FFTW2=' 'FFLAGS_FFTW2=' 'LD_FFTW2=' 'FC=mpif90' 'F77=mpif77' 'FFLAGS=-O' 'LDFLAGS_HELPER=-dynamic' 'FFLAG_HEAP_ALLOC=-fmax-stack-var-size=512000 -fno-stack-arrays' 'OMPFFLAGS=-fopenmp' 'OMPLFLAGS=-lgomp' 'PPFLAGS=-cpp' 'FSTD_95=-std=f95' 'FSTD_2003=-std=f2003' 'FSTD_2008=-std=f2008' 'FSTD_2018=-std=f2018' 'MODULE_PREFIX=__' 'MODULE_INFIX=_MOD_' 'MODULE_SUFFIX=' 'CC=mpicc' 'CSTD=-std=c99' 'CFLAGS=-DFUNDERSC=1' 'FFLAGS+=-O0' 'default_to_be'

# 2026-07-08 05:42:02
mpiexec -n 1 ./src/start.x

# 2026-07-08 05:42:05
mpiexec -n 1 ./src/run.x

# 2026-07-08 05:50:35
/home/touko/pencil-code/bin/pc_build FFLAGS+=-O0
# make '-j' 'FFLAGS_DOUBLE=-fdefault-real-8 -fdefault-double-8' 'CFLAGS_DOUBLE=-DDOUBLE_PRECISION' 'LD_MPI=' 'CFLAGS_FFTW3=' 'FFLAGS_FFTW3=' 'LD_FFTW3=' 'CFLAGS_FFTW2=' 'FFLAGS_FFTW2=' 'LD_FFTW2=' 'FC=mpif90' 'F77=mpif77' 'FFLAGS=-O' 'LDFLAGS_HELPER=-dynamic' 'FFLAG_HEAP_ALLOC=-fmax-stack-var-size=512000 -fno-stack-arrays' 'OMPFFLAGS=-fopenmp' 'OMPLFLAGS=-lgomp' 'PPFLAGS=-cpp' 'FSTD_95=-std=f95' 'FSTD_2003=-std=f2003' 'FSTD_2008=-std=f2008' 'FSTD_2018=-std=f2018' 'MODULE_PREFIX=__' 'MODULE_INFIX=_MOD_' 'MODULE_SUFFIX=' 'CC=mpicc' 'CSTD=-std=c99' 'CFLAGS=-DFUNDERSC=1' 'FFLAGS+=-O0' 'default_to_be'

# 2026-07-08 05:52:18
mpiexec -n 1 ./src/start.x

# 2026-07-08 05:58:28
/home/touko/pencil-code/bin/pc_build FFLAGS+=-O0
# make '-j' 'FFLAGS_DOUBLE=-fdefault-real-8 -fdefault-double-8' 'CFLAGS_DOUBLE=-DDOUBLE_PRECISION' 'LD_MPI=' 'CFLAGS_FFTW3=' 'FFLAGS_FFTW3=' 'LD_FFTW3=' 'CFLAGS_FFTW2=' 'FFLAGS_FFTW2=' 'LD_FFTW2=' 'FC=mpif90' 'F77=mpif77' 'FFLAGS=-O' 'LDFLAGS_HELPER=-dynamic' 'FFLAG_HEAP_ALLOC=-fmax-stack-var-size=512000 -fno-stack-arrays' 'OMPFFLAGS=-fopenmp' 'OMPLFLAGS=-lgomp' 'PPFLAGS=-cpp' 'FSTD_95=-std=f95' 'FSTD_2003=-std=f2003' 'FSTD_2008=-std=f2008' 'FSTD_2018=-std=f2018' 'MODULE_PREFIX=__' 'MODULE_INFIX=_MOD_' 'MODULE_SUFFIX=' 'CC=mpicc' 'CSTD=-std=c99' 'CFLAGS=-DFUNDERSC=1' 'FFLAGS+=-O0' 'default_to_be'

# 2026-07-08 09:26:10
/home/touko/pencil-code/bin/pc_build FFLAGS+=-O0
# make '-j' 'FFLAGS_DOUBLE=-fdefault-real-8 -fdefault-double-8' 'CFLAGS_DOUBLE=-DDOUBLE_PRECISION' 'LD_MPI=' 'CFLAGS_FFTW3=' 'FFLAGS_FFTW3=' 'LD_FFTW3=' 'CFLAGS_FFTW2=' 'FFLAGS_FFTW2=' 'LD_FFTW2=' 'FC=mpif90' 'F77=mpif77' 'FFLAGS=-O' 'LDFLAGS_HELPER=-dynamic' 'FFLAG_HEAP_ALLOC=-fmax-stack-var-size=512000 -fno-stack-arrays' 'OMPFFLAGS=-fopenmp' 'OMPLFLAGS=-lgomp' 'PPFLAGS=-cpp' 'FSTD_95=-std=f95' 'FSTD_2003=-std=f2003' 'FSTD_2008=-std=f2008' 'FSTD_2018=-std=f2018' 'MODULE_PREFIX=__' 'MODULE_INFIX=_MOD_' 'MODULE_SUFFIX=' 'CC=mpicc' 'CSTD=-std=c99' 'CFLAGS=-DFUNDERSC=1' 'FFLAGS+=-O0' 'default_to_be'

# 2026-07-08 09:27:01
mpiexec -n 1 ./src/start.x

# 2026-07-08 09:27:08
mpiexec -n 1 ./src/run.x

# 2026-07-08 09:37:30
mpiexec -n 1 ./src/run.x

# 2026-07-08 09:37:33
mpiexec -n 1 ./src/start.x

# 2026-07-08 09:37:35
mpiexec -n 1 ./src/run.x

# 2026-07-08 09:37:43
mpiexec -n 1 ./src/start.x

# 2026-07-08 09:37:44
mpiexec -n 1 ./src/run.x

# 2026-07-08 09:37:58
mpiexec -n 1 ./src/start.x

# 2026-07-08 09:37:59
mpiexec -n 1 ./src/run.x

# 2026-07-08 09:38:27
mpiexec -n 1 ./src/start.x

# 2026-07-08 09:38:28
mpiexec -n 1 ./src/run.x

# 2026-07-08 22:05:43
mpiexec -n 1 ./src/start.x

# 2026-07-08 22:05:45
mpiexec -n 1 ./src/run.x

# 2026-07-08 22:07:58
mpiexec -n 1 ./src/start.x

# 2026-07-08 22:07:59
mpiexec -n 1 ./src/run.x

# 2026-07-08 22:08:05
mpiexec -n 1 ./src/run.x

# 2026-07-08 22:09:02
mpiexec -n 1 ./src/start.x

# 2026-07-08 22:09:03
mpiexec -n 1 ./src/run.x

# 2026-07-08 22:09:21
mpiexec -n 1 ./src/start.x

# 2026-07-08 22:09:22
mpiexec -n 1 ./src/run.x

# 2026-07-08 22:09:46
mpiexec -n 1 ./src/start.x

# 2026-07-08 22:09:48
mpiexec -n 1 ./src/run.x

# 2026-07-08 22:10:31
mpiexec -n 1 ./src/start.x

# 2026-07-08 22:10:32
mpiexec -n 1 ./src/run.x

# 2026-07-08 22:10:45
mpiexec -n 1 ./src/start.x

# 2026-07-08 22:10:46
mpiexec -n 1 ./src/run.x

# 2026-07-08 22:11:07
mpiexec -n 1 ./src/start.x

# 2026-07-08 22:11:09
mpiexec -n 1 ./src/run.x

# 2026-07-08 22:12:22
/home/touko/pencil-code/bin/pc_build FFLAGS+=-O0
# make '-j' 'FFLAGS_DOUBLE=-fdefault-real-8 -fdefault-double-8' 'CFLAGS_DOUBLE=-DDOUBLE_PRECISION' 'LD_MPI=' 'CFLAGS_FFTW3=' 'FFLAGS_FFTW3=' 'LD_FFTW3=' 'CFLAGS_FFTW2=' 'FFLAGS_FFTW2=' 'LD_FFTW2=' 'FC=mpif90' 'F77=mpif77' 'FFLAGS=-O' 'LDFLAGS_HELPER=-dynamic' 'FFLAG_HEAP_ALLOC=-fmax-stack-var-size=512000 -fno-stack-arrays' 'OMPFFLAGS=-fopenmp' 'OMPLFLAGS=-lgomp' 'PPFLAGS=-cpp' 'FSTD_95=-std=f95' 'FSTD_2003=-std=f2003' 'FSTD_2008=-std=f2008' 'FSTD_2018=-std=f2018' 'MODULE_PREFIX=__' 'MODULE_INFIX=_MOD_' 'MODULE_SUFFIX=' 'CC=mpicc' 'CSTD=-std=c99' 'CFLAGS=-DFUNDERSC=1' 'FFLAGS+=-O0' 'default_to_be'

# 2026-07-08 22:13:29
mpiexec -n 2 ./src/start.x

# 2026-07-08 22:13:30
mpiexec -n 2 ./src/run.x

# 2026-07-08 22:25:34
/home/touko/pencil-code/bin/pc_build FFLAGS+=-O0
# make '-j' 'FFLAGS_DOUBLE=-fdefault-real-8 -fdefault-double-8' 'CFLAGS_DOUBLE=-DDOUBLE_PRECISION' 'LD_MPI=' 'CFLAGS_FFTW3=' 'FFLAGS_FFTW3=' 'LD_FFTW3=' 'CFLAGS_FFTW2=' 'FFLAGS_FFTW2=' 'LD_FFTW2=' 'FC=mpif90' 'F77=mpif77' 'FFLAGS=-O' 'LDFLAGS_HELPER=-dynamic' 'FFLAG_HEAP_ALLOC=-fmax-stack-var-size=512000 -fno-stack-arrays' 'OMPFFLAGS=-fopenmp' 'OMPLFLAGS=-lgomp' 'PPFLAGS=-cpp' 'FSTD_95=-std=f95' 'FSTD_2003=-std=f2003' 'FSTD_2008=-std=f2008' 'FSTD_2018=-std=f2018' 'MODULE_PREFIX=__' 'MODULE_INFIX=_MOD_' 'MODULE_SUFFIX=' 'CC=mpicc' 'CSTD=-std=c99' 'CFLAGS=-DFUNDERSC=1' 'FFLAGS+=-O0' 'default_to_be'

# 2026-07-08 22:26:45
mpiexec -n 2 ./src/start.x

# 2026-07-08 22:26:47
mpiexec -n 2 ./src/run.x

# 2026-07-08 22:46:40
/home/touko/pencil-code/bin/pc_build FFLAGS+=-O0
# make '-j' 'FFLAGS_DOUBLE=-fdefault-real-8 -fdefault-double-8' 'CFLAGS_DOUBLE=-DDOUBLE_PRECISION' 'LD_MPI=' 'CFLAGS_FFTW3=' 'FFLAGS_FFTW3=' 'LD_FFTW3=' 'CFLAGS_FFTW2=' 'FFLAGS_FFTW2=' 'LD_FFTW2=' 'FC=mpif90' 'F77=mpif77' 'FFLAGS=-O' 'LDFLAGS_HELPER=-dynamic' 'FFLAG_HEAP_ALLOC=-fmax-stack-var-size=512000 -fno-stack-arrays' 'OMPFFLAGS=-fopenmp' 'OMPLFLAGS=-lgomp' 'PPFLAGS=-cpp' 'FSTD_95=-std=f95' 'FSTD_2003=-std=f2003' 'FSTD_2008=-std=f2008' 'FSTD_2018=-std=f2018' 'MODULE_PREFIX=__' 'MODULE_INFIX=_MOD_' 'MODULE_SUFFIX=' 'CC=mpicc' 'CSTD=-std=c99' 'CFLAGS=-DFUNDERSC=1' 'FFLAGS+=-O0' 'default_to_be'

# 2026-07-08 22:47:57
mpiexec -n 2 ./src/start.x

# 2026-07-08 22:47:58
mpiexec -n 2 ./src/run.x

# 2026-07-08 22:54:06
/home/touko/pencil-code/bin/pc_build FFLAGS+=-O0
# make '-j' 'FFLAGS_DOUBLE=-fdefault-real-8 -fdefault-double-8' 'CFLAGS_DOUBLE=-DDOUBLE_PRECISION' 'LD_MPI=' 'CFLAGS_FFTW3=' 'FFLAGS_FFTW3=' 'LD_FFTW3=' 'CFLAGS_FFTW2=' 'FFLAGS_FFTW2=' 'LD_FFTW2=' 'FC=mpif90' 'F77=mpif77' 'FFLAGS=-O' 'LDFLAGS_HELPER=-dynamic' 'FFLAG_HEAP_ALLOC=-fmax-stack-var-size=512000 -fno-stack-arrays' 'OMPFFLAGS=-fopenmp' 'OMPLFLAGS=-lgomp' 'PPFLAGS=-cpp' 'FSTD_95=-std=f95' 'FSTD_2003=-std=f2003' 'FSTD_2008=-std=f2008' 'FSTD_2018=-std=f2018' 'MODULE_PREFIX=__' 'MODULE_INFIX=_MOD_' 'MODULE_SUFFIX=' 'CC=mpicc' 'CSTD=-std=c99' 'CFLAGS=-DFUNDERSC=1' 'FFLAGS+=-O0' 'default_to_be'

# 2026-07-08 22:54:49
mpiexec -n 2 ./src/start.x

# 2026-07-08 22:54:51
mpiexec -n 2 ./src/run.x

# 2026-07-08 23:25:40
/home/touko/pencil-code/bin/pc_build FFLAGS+=-O0
# make '-j' 'FFLAGS_DOUBLE=-fdefault-real-8 -fdefault-double-8' 'CFLAGS_DOUBLE=-DDOUBLE_PRECISION' 'LD_MPI=' 'CFLAGS_FFTW3=' 'FFLAGS_FFTW3=' 'LD_FFTW3=' 'CFLAGS_FFTW2=' 'FFLAGS_FFTW2=' 'LD_FFTW2=' 'FC=mpif90' 'F77=mpif77' 'FFLAGS=-O' 'LDFLAGS_HELPER=-dynamic' 'FFLAG_HEAP_ALLOC=-fmax-stack-var-size=512000 -fno-stack-arrays' 'OMPFFLAGS=-fopenmp' 'OMPLFLAGS=-lgomp' 'PPFLAGS=-cpp' 'FSTD_95=-std=f95' 'FSTD_2003=-std=f2003' 'FSTD_2008=-std=f2008' 'FSTD_2018=-std=f2018' 'MODULE_PREFIX=__' 'MODULE_INFIX=_MOD_' 'MODULE_SUFFIX=' 'CC=mpicc' 'CSTD=-std=c99' 'CFLAGS=-DFUNDERSC=1' 'FFLAGS+=-O0' 'default_to_be'

# 2026-07-08 23:26:57
mpiexec -n 2 ./src/start.x

# 2026-07-08 23:26:58
mpiexec -n 2 ./src/run.x

# 2026-07-08 23:28:53
/home/touko/pencil-code/bin/pc_build FFLAGS+=-O0
# make '-j' 'FFLAGS_DOUBLE=-fdefault-real-8 -fdefault-double-8' 'CFLAGS_DOUBLE=-DDOUBLE_PRECISION' 'LD_MPI=' 'CFLAGS_FFTW3=' 'FFLAGS_FFTW3=' 'LD_FFTW3=' 'CFLAGS_FFTW2=' 'FFLAGS_FFTW2=' 'LD_FFTW2=' 'FC=mpif90' 'F77=mpif77' 'FFLAGS=-O' 'LDFLAGS_HELPER=-dynamic' 'FFLAG_HEAP_ALLOC=-fmax-stack-var-size=512000 -fno-stack-arrays' 'OMPFFLAGS=-fopenmp' 'OMPLFLAGS=-lgomp' 'PPFLAGS=-cpp' 'FSTD_95=-std=f95' 'FSTD_2003=-std=f2003' 'FSTD_2008=-std=f2008' 'FSTD_2018=-std=f2018' 'MODULE_PREFIX=__' 'MODULE_INFIX=_MOD_' 'MODULE_SUFFIX=' 'CC=mpicc' 'CSTD=-std=c99' 'CFLAGS=-DFUNDERSC=1' 'FFLAGS+=-O0' 'default_to_be'

# 2026-07-09 01:35:10
/home/touko/pencil-code/bin/pc_build FFLAGS+=-O0
# make '-j' 'FFLAGS_DOUBLE=-fdefault-real-8 -fdefault-double-8' 'CFLAGS_DOUBLE=-DDOUBLE_PRECISION' 'LD_MPI=' 'CFLAGS_FFTW3=' 'FFLAGS_FFTW3=' 'LD_FFTW3=' 'CFLAGS_FFTW2=' 'FFLAGS_FFTW2=' 'LD_FFTW2=' 'FC=mpif90' 'F77=mpif77' 'FFLAGS=-O' 'LDFLAGS_HELPER=-dynamic' 'FFLAG_HEAP_ALLOC=-fmax-stack-var-size=512000 -fno-stack-arrays' 'OMPFFLAGS=-fopenmp' 'OMPLFLAGS=-lgomp' 'PPFLAGS=-cpp' 'FSTD_95=-std=f95' 'FSTD_2003=-std=f2003' 'FSTD_2008=-std=f2008' 'FSTD_2018=-std=f2018' 'MODULE_PREFIX=__' 'MODULE_INFIX=_MOD_' 'MODULE_SUFFIX=' 'CC=mpicc' 'CSTD=-std=c99' 'CFLAGS=-DFUNDERSC=1' 'FFLAGS+=-O0' 'default_to_be'

# 2026-07-09 01:37:21
mpiexec -n 2 ./src/start.x

# 2026-07-09 01:37:23
mpiexec -n 2 ./src/run.x

# 2026-07-09 01:40:24
/home/touko/pencil-code/bin/pc_build FFLAGS+=-O0
# make '-j' 'FFLAGS_DOUBLE=-fdefault-real-8 -fdefault-double-8' 'CFLAGS_DOUBLE=-DDOUBLE_PRECISION' 'LD_MPI=' 'CFLAGS_FFTW3=' 'FFLAGS_FFTW3=' 'LD_FFTW3=' 'CFLAGS_FFTW2=' 'FFLAGS_FFTW2=' 'LD_FFTW2=' 'FC=mpif90' 'F77=mpif77' 'FFLAGS=-O' 'LDFLAGS_HELPER=-dynamic' 'FFLAG_HEAP_ALLOC=-fmax-stack-var-size=512000 -fno-stack-arrays' 'OMPFFLAGS=-fopenmp' 'OMPLFLAGS=-lgomp' 'PPFLAGS=-cpp' 'FSTD_95=-std=f95' 'FSTD_2003=-std=f2003' 'FSTD_2008=-std=f2008' 'FSTD_2018=-std=f2018' 'MODULE_PREFIX=__' 'MODULE_INFIX=_MOD_' 'MODULE_SUFFIX=' 'CC=mpicc' 'CSTD=-std=c99' 'CFLAGS=-DFUNDERSC=1' 'FFLAGS+=-O0' 'default_to_be'

# 2026-07-09 01:41:05
mpiexec -n 2 ./src/start.x

# 2026-07-09 01:41:06
mpiexec -n 2 ./src/run.x

# 2026-07-09 01:42:34
mpiexec -n 2 ./src/run.x

# 2026-07-09 01:42:41
mpiexec -n 2 ./src/run.x

# 2026-07-09 01:42:47
mpiexec -n 2 ./src/run.x

# 2026-07-09 01:42:52
mpiexec -n 2 ./src/run.x

# 2026-07-09 01:42:58
mpiexec -n 2 ./src/run.x

# 2026-07-09 01:43:04
mpiexec -n 2 ./src/run.x

# 2026-07-09 02:19:46
/home/touko/pencil-code/bin/pc_build FFLAGS+=-O0
# make '-j' 'FFLAGS_DOUBLE=-fdefault-real-8 -fdefault-double-8' 'CFLAGS_DOUBLE=-DDOUBLE_PRECISION' 'LD_MPI=' 'CFLAGS_FFTW3=' 'FFLAGS_FFTW3=' 'LD_FFTW3=' 'CFLAGS_FFTW2=' 'FFLAGS_FFTW2=' 'LD_FFTW2=' 'FC=mpif90' 'F77=mpif77' 'FFLAGS=-O' 'LDFLAGS_HELPER=-dynamic' 'FFLAG_HEAP_ALLOC=-fmax-stack-var-size=512000 -fno-stack-arrays' 'OMPFFLAGS=-fopenmp' 'OMPLFLAGS=-lgomp' 'PPFLAGS=-cpp' 'FSTD_95=-std=f95' 'FSTD_2003=-std=f2003' 'FSTD_2008=-std=f2008' 'FSTD_2018=-std=f2018' 'MODULE_PREFIX=__' 'MODULE_INFIX=_MOD_' 'MODULE_SUFFIX=' 'CC=mpicc' 'CSTD=-std=c99' 'CFLAGS=-DFUNDERSC=1' 'FFLAGS+=-O0' 'default_to_be'

# 2026-07-09 02:21:24
mpiexec -n 2 ./src/start.x

# 2026-07-09 02:22:43
/home/touko/pencil-code/bin/pc_build FFLAGS+=-O0
# make '-j' 'FFLAGS_DOUBLE=-fdefault-real-8 -fdefault-double-8' 'CFLAGS_DOUBLE=-DDOUBLE_PRECISION' 'LD_MPI=' 'CFLAGS_FFTW3=' 'FFLAGS_FFTW3=' 'LD_FFTW3=' 'CFLAGS_FFTW2=' 'FFLAGS_FFTW2=' 'LD_FFTW2=' 'FC=mpif90' 'F77=mpif77' 'FFLAGS=-O' 'LDFLAGS_HELPER=-dynamic' 'FFLAG_HEAP_ALLOC=-fmax-stack-var-size=512000 -fno-stack-arrays' 'OMPFFLAGS=-fopenmp' 'OMPLFLAGS=-lgomp' 'PPFLAGS=-cpp' 'FSTD_95=-std=f95' 'FSTD_2003=-std=f2003' 'FSTD_2008=-std=f2008' 'FSTD_2018=-std=f2018' 'MODULE_PREFIX=__' 'MODULE_INFIX=_MOD_' 'MODULE_SUFFIX=' 'CC=mpicc' 'CSTD=-std=c99' 'CFLAGS=-DFUNDERSC=1' 'FFLAGS+=-O0' 'default_to_be'

# 2026-07-09 02:23:59
mpiexec -n 2 ./src/start.x

# 2026-07-09 02:24:23
/home/touko/pencil-code/bin/pc_build FFLAGS+=-O0
# make '-j' 'FFLAGS_DOUBLE=-fdefault-real-8 -fdefault-double-8' 'CFLAGS_DOUBLE=-DDOUBLE_PRECISION' 'LD_MPI=' 'CFLAGS_FFTW3=' 'FFLAGS_FFTW3=' 'LD_FFTW3=' 'CFLAGS_FFTW2=' 'FFLAGS_FFTW2=' 'LD_FFTW2=' 'FC=mpif90' 'F77=mpif77' 'FFLAGS=-O' 'LDFLAGS_HELPER=-dynamic' 'FFLAG_HEAP_ALLOC=-fmax-stack-var-size=512000 -fno-stack-arrays' 'OMPFFLAGS=-fopenmp' 'OMPLFLAGS=-lgomp' 'PPFLAGS=-cpp' 'FSTD_95=-std=f95' 'FSTD_2003=-std=f2003' 'FSTD_2008=-std=f2008' 'FSTD_2018=-std=f2018' 'MODULE_PREFIX=__' 'MODULE_INFIX=_MOD_' 'MODULE_SUFFIX=' 'CC=mpicc' 'CSTD=-std=c99' 'CFLAGS=-DFUNDERSC=1' 'FFLAGS+=-O0' 'default_to_be'

# 2026-07-09 02:25:55
mpiexec -n 2 ./src/start.x

# 2026-07-09 02:26:30
/home/touko/pencil-code/bin/pc_build FFLAGS+=-O0
# make '-j' 'FFLAGS_DOUBLE=-fdefault-real-8 -fdefault-double-8' 'CFLAGS_DOUBLE=-DDOUBLE_PRECISION' 'LD_MPI=' 'CFLAGS_FFTW3=' 'FFLAGS_FFTW3=' 'LD_FFTW3=' 'CFLAGS_FFTW2=' 'FFLAGS_FFTW2=' 'LD_FFTW2=' 'FC=mpif90' 'F77=mpif77' 'FFLAGS=-O' 'LDFLAGS_HELPER=-dynamic' 'FFLAG_HEAP_ALLOC=-fmax-stack-var-size=512000 -fno-stack-arrays' 'OMPFFLAGS=-fopenmp' 'OMPLFLAGS=-lgomp' 'PPFLAGS=-cpp' 'FSTD_95=-std=f95' 'FSTD_2003=-std=f2003' 'FSTD_2008=-std=f2008' 'FSTD_2018=-std=f2018' 'MODULE_PREFIX=__' 'MODULE_INFIX=_MOD_' 'MODULE_SUFFIX=' 'CC=mpicc' 'CSTD=-std=c99' 'CFLAGS=-DFUNDERSC=1' 'FFLAGS+=-O0' 'default_to_be'

# 2026-07-09 02:28:04
mpiexec -n 2 ./src/start.x

# 2026-07-09 02:28:19
/home/touko/pencil-code/bin/pc_build FFLAGS+=-O0
# make '-j' 'FFLAGS_DOUBLE=-fdefault-real-8 -fdefault-double-8' 'CFLAGS_DOUBLE=-DDOUBLE_PRECISION' 'LD_MPI=' 'CFLAGS_FFTW3=' 'FFLAGS_FFTW3=' 'LD_FFTW3=' 'CFLAGS_FFTW2=' 'FFLAGS_FFTW2=' 'LD_FFTW2=' 'FC=mpif90' 'F77=mpif77' 'FFLAGS=-O' 'LDFLAGS_HELPER=-dynamic' 'FFLAG_HEAP_ALLOC=-fmax-stack-var-size=512000 -fno-stack-arrays' 'OMPFFLAGS=-fopenmp' 'OMPLFLAGS=-lgomp' 'PPFLAGS=-cpp' 'FSTD_95=-std=f95' 'FSTD_2003=-std=f2003' 'FSTD_2008=-std=f2008' 'FSTD_2018=-std=f2018' 'MODULE_PREFIX=__' 'MODULE_INFIX=_MOD_' 'MODULE_SUFFIX=' 'CC=mpicc' 'CSTD=-std=c99' 'CFLAGS=-DFUNDERSC=1' 'FFLAGS+=-O0' 'default_to_be'

# 2026-07-09 02:29:50
mpiexec -n 2 ./src/start.x

# 2026-07-09 02:30:09
mpiexec -n 2 ./src/start.x

# 2026-07-09 02:30:11
mpiexec -n 2 ./src/run.x

# 2026-07-09 02:31:09
/home/touko/pencil-code/bin/pc_build FFLAGS+=-O0
# make '-j' 'FFLAGS_DOUBLE=-fdefault-real-8 -fdefault-double-8' 'CFLAGS_DOUBLE=-DDOUBLE_PRECISION' 'LD_MPI=' 'CFLAGS_FFTW3=' 'FFLAGS_FFTW3=' 'LD_FFTW3=' 'CFLAGS_FFTW2=' 'FFLAGS_FFTW2=' 'LD_FFTW2=' 'FC=mpif90' 'F77=mpif77' 'FFLAGS=-O' 'LDFLAGS_HELPER=-dynamic' 'FFLAG_HEAP_ALLOC=-fmax-stack-var-size=512000 -fno-stack-arrays' 'OMPFFLAGS=-fopenmp' 'OMPLFLAGS=-lgomp' 'PPFLAGS=-cpp' 'FSTD_95=-std=f95' 'FSTD_2003=-std=f2003' 'FSTD_2008=-std=f2008' 'FSTD_2018=-std=f2018' 'MODULE_PREFIX=__' 'MODULE_INFIX=_MOD_' 'MODULE_SUFFIX=' 'CC=mpicc' 'CSTD=-std=c99' 'CFLAGS=-DFUNDERSC=1' 'FFLAGS+=-O0' 'default_to_be'

# 2026-07-09 02:32:56
mpiexec -n 2 ./src/start.x

# 2026-07-09 02:32:58
mpiexec -n 2 ./src/run.x

# 2026-07-09 02:38:35
mpiexec -n 2 ./src/start.x

# 2026-07-09 02:38:37
mpiexec -n 2 ./src/run.x

# 2026-07-09 04:43:07
mpiexec -n 2 ./src/start.x

# 2026-07-09 04:43:47
mpiexec -n 2 ./src/start.x

# 2026-07-09 04:43:49
mpiexec -n 2 ./src/run.x

# 2026-07-09 04:45:06
/home/touko/pencil-code/bin/pc_build FFLAGS+=-O0
# make '-j' 'FFLAGS_DOUBLE=-fdefault-real-8 -fdefault-double-8' 'CFLAGS_DOUBLE=-DDOUBLE_PRECISION' 'LD_MPI=' 'CFLAGS_FFTW3=' 'FFLAGS_FFTW3=' 'LD_FFTW3=' 'CFLAGS_FFTW2=' 'FFLAGS_FFTW2=' 'LD_FFTW2=' 'FC=mpif90' 'F77=mpif77' 'FFLAGS=-O' 'LDFLAGS_HELPER=-dynamic' 'FFLAG_HEAP_ALLOC=-fmax-stack-var-size=512000 -fno-stack-arrays' 'OMPFFLAGS=-fopenmp' 'OMPLFLAGS=-lgomp' 'PPFLAGS=-cpp' 'FSTD_95=-std=f95' 'FSTD_2003=-std=f2003' 'FSTD_2008=-std=f2008' 'FSTD_2018=-std=f2018' 'MODULE_PREFIX=__' 'MODULE_INFIX=_MOD_' 'MODULE_SUFFIX=' 'CC=mpicc' 'CSTD=-std=c99' 'CFLAGS=-DFUNDERSC=1' 'FFLAGS+=-O0' 'default_to_be'

# 2026-07-09 04:47:55
mpiexec -n 2 ./src/start.x

# 2026-07-09 04:47:57
mpiexec -n 2 ./src/run.x

# 2026-07-09 04:50:13
/home/touko/pencil-code/bin/pc_build FFLAGS+=-O0
# make '-j' 'FFLAGS_DOUBLE=-fdefault-real-8 -fdefault-double-8' 'CFLAGS_DOUBLE=-DDOUBLE_PRECISION' 'LD_MPI=' 'CFLAGS_FFTW3=' 'FFLAGS_FFTW3=' 'LD_FFTW3=' 'CFLAGS_FFTW2=' 'FFLAGS_FFTW2=' 'LD_FFTW2=' 'FC=mpif90' 'F77=mpif77' 'FFLAGS=-O' 'LDFLAGS_HELPER=-dynamic' 'FFLAG_HEAP_ALLOC=-fmax-stack-var-size=512000 -fno-stack-arrays' 'OMPFFLAGS=-fopenmp' 'OMPLFLAGS=-lgomp' 'PPFLAGS=-cpp' 'FSTD_95=-std=f95' 'FSTD_2003=-std=f2003' 'FSTD_2008=-std=f2008' 'FSTD_2018=-std=f2018' 'MODULE_PREFIX=__' 'MODULE_INFIX=_MOD_' 'MODULE_SUFFIX=' 'CC=mpicc' 'CSTD=-std=c99' 'CFLAGS=-DFUNDERSC=1' 'FFLAGS+=-O0' 'default_to_be'

# 2026-07-09 04:51:22
/home/touko/pencil-code/bin/pc_build FFLAGS+=-O0
# make '-j' 'FFLAGS_DOUBLE=-fdefault-real-8 -fdefault-double-8' 'CFLAGS_DOUBLE=-DDOUBLE_PRECISION' 'LD_MPI=' 'CFLAGS_FFTW3=' 'FFLAGS_FFTW3=' 'LD_FFTW3=' 'CFLAGS_FFTW2=' 'FFLAGS_FFTW2=' 'LD_FFTW2=' 'FC=mpif90' 'F77=mpif77' 'FFLAGS=-O' 'LDFLAGS_HELPER=-dynamic' 'FFLAG_HEAP_ALLOC=-fmax-stack-var-size=512000 -fno-stack-arrays' 'OMPFFLAGS=-fopenmp' 'OMPLFLAGS=-lgomp' 'PPFLAGS=-cpp' 'FSTD_95=-std=f95' 'FSTD_2003=-std=f2003' 'FSTD_2008=-std=f2008' 'FSTD_2018=-std=f2018' 'MODULE_PREFIX=__' 'MODULE_INFIX=_MOD_' 'MODULE_SUFFIX=' 'CC=mpicc' 'CSTD=-std=c99' 'CFLAGS=-DFUNDERSC=1' 'FFLAGS+=-O0' 'default_to_be'

# 2026-07-09 04:52:26
mpiexec -n 2 ./src/start.x

# 2026-07-09 04:52:28
mpiexec -n 2 ./src/run.x

# 2026-07-09 04:54:27
mpiexec -n 2 ./src/start.x

# 2026-07-09 04:54:28
mpiexec -n 2 ./src/run.x

# 2026-07-09 04:55:03
mpiexec -n 2 ./src/run.x

# 2026-07-09 09:38:27
/home/touko/pencil-code/bin/pc_build FFLAGS+=-O0
# make '-j' 'FFLAGS_DOUBLE=-fdefault-real-8 -fdefault-double-8' 'CFLAGS_DOUBLE=-DDOUBLE_PRECISION' 'LD_MPI=' 'CFLAGS_FFTW3=' 'FFLAGS_FFTW3=' 'LD_FFTW3=' 'CFLAGS_FFTW2=' 'FFLAGS_FFTW2=' 'LD_FFTW2=' 'FC=mpif90' 'F77=mpif77' 'FFLAGS=-O' 'LDFLAGS_HELPER=-dynamic' 'FFLAG_HEAP_ALLOC=-fmax-stack-var-size=512000 -fno-stack-arrays' 'OMPFFLAGS=-fopenmp' 'OMPLFLAGS=-lgomp' 'PPFLAGS=-cpp' 'FSTD_95=-std=f95' 'FSTD_2003=-std=f2003' 'FSTD_2008=-std=f2008' 'FSTD_2018=-std=f2018' 'MODULE_PREFIX=__' 'MODULE_INFIX=_MOD_' 'MODULE_SUFFIX=' 'CC=mpicc' 'CSTD=-std=c99' 'CFLAGS=-DFUNDERSC=1' 'FFLAGS+=-O0' 'default_to_be'

# 2026-07-09 09:43:06
/home/touko/pencil-code/bin/pc_build FFLAGS+=-O0
# make '-j' 'FFLAGS_DOUBLE=-fdefault-real-8 -fdefault-double-8' 'CFLAGS_DOUBLE=-DDOUBLE_PRECISION' 'LD_MPI=' 'CFLAGS_FFTW3=' 'FFLAGS_FFTW3=' 'LD_FFTW3=' 'CFLAGS_FFTW2=' 'FFLAGS_FFTW2=' 'LD_FFTW2=' 'FC=mpif90' 'F77=mpif77' 'FFLAGS=-O' 'LDFLAGS_HELPER=-dynamic' 'FFLAG_HEAP_ALLOC=-fmax-stack-var-size=512000 -fno-stack-arrays' 'OMPFFLAGS=-fopenmp' 'OMPLFLAGS=-lgomp' 'PPFLAGS=-cpp' 'FSTD_95=-std=f95' 'FSTD_2003=-std=f2003' 'FSTD_2008=-std=f2008' 'FSTD_2018=-std=f2018' 'MODULE_PREFIX=__' 'MODULE_INFIX=_MOD_' 'MODULE_SUFFIX=' 'CC=mpicc' 'CSTD=-std=c99' 'CFLAGS=-DFUNDERSC=1' 'FFLAGS+=-O0' 'default_to_be'

# 2026-07-10 08:34:32
/home/touko/pencil-code/bin/pc_build FFLAGS+=-O0
# make '-j' 'FFLAGS_DOUBLE=-fdefault-real-8 -fdefault-double-8' 'CFLAGS_DOUBLE=-DDOUBLE_PRECISION' 'LD_MPI=' 'CFLAGS_FFTW3=' 'FFLAGS_FFTW3=' 'LD_FFTW3=' 'CFLAGS_FFTW2=' 'FFLAGS_FFTW2=' 'LD_FFTW2=' 'FC=mpif90' 'F77=mpif77' 'FFLAGS=-O' 'LDFLAGS_HELPER=-dynamic' 'FFLAG_HEAP_ALLOC=-fmax-stack-var-size=512000 -fno-stack-arrays' 'OMPFFLAGS=-fopenmp' 'OMPLFLAGS=-lgomp' 'PPFLAGS=-cpp' 'FSTD_95=-std=f95' 'FSTD_2003=-std=f2003' 'FSTD_2008=-std=f2008' 'FSTD_2018=-std=f2018' 'MODULE_PREFIX=__' 'MODULE_INFIX=_MOD_' 'MODULE_SUFFIX=' 'CC=mpicc' 'CSTD=-std=c99' 'CFLAGS=-DFUNDERSC=1' 'FFLAGS+=-O0' 'default_to_be'

# 2026-07-10 08:35:12
mpiexec -n 2 ./src/start.x

# 2026-07-10 08:35:14
mpiexec -n 2 ./src/run.x

# 2026-07-10 10:10:29
/home/touko/pencil-code/bin/pc_build FFLAGS+=-O0
# make '-j' 'FFLAGS_DOUBLE=-fdefault-real-8 -fdefault-double-8' 'CFLAGS_DOUBLE=-DDOUBLE_PRECISION' 'LD_MPI=' 'CFLAGS_FFTW3=' 'FFLAGS_FFTW3=' 'LD_FFTW3=' 'CFLAGS_FFTW2=' 'FFLAGS_FFTW2=' 'LD_FFTW2=' 'FC=mpif90' 'F77=mpif77' 'FFLAGS=-O' 'LDFLAGS_HELPER=-dynamic' 'FFLAG_HEAP_ALLOC=-fmax-stack-var-size=512000 -fno-stack-arrays' 'OMPFFLAGS=-fopenmp' 'OMPLFLAGS=-lgomp' 'PPFLAGS=-cpp' 'FSTD_95=-std=f95' 'FSTD_2003=-std=f2003' 'FSTD_2008=-std=f2008' 'FSTD_2018=-std=f2018' 'MODULE_PREFIX=__' 'MODULE_INFIX=_MOD_' 'MODULE_SUFFIX=' 'CC=mpicc' 'CSTD=-std=c99' 'CFLAGS=-DFUNDERSC=1' 'FFLAGS+=-O0' 'default_to_be'

# 2026-07-10 10:11:09
mpiexec -n 2 ./src/start.x

# 2026-07-10 10:11:10
mpiexec -n 2 ./src/run.x
